TN:
SF:src/components/art/Glyph.tsx
FN:30,(anonymous_0)
FN:37,(anonymous_1)
FN:50,(anonymous_2)
FN:59,(anonymous_3)
FN:69,(anonymous_4)
FN:78,(anonymous_5)
FN:90,(anonymous_6)
FN:98,(anonymous_7)
FN:110,(anonymous_8)
FN:121,(anonymous_9)
FN:128,(anonymous_10)
FN:137,(anonymous_11)
FN:152,(anonymous_12)
FN:161,(anonymous_13)
FN:171,(anonymous_14)
FN:179,(anonymous_15)
FN:190,(anonymous_16)
FN:197,(anonymous_17)
FN:206,(anonymous_18)
FN:213,(anonymous_19)
FN:222,(anonymous_20)
FN:229,(anonymous_21)
FN:240,(anonymous_22)
FN:249,(anonymous_23)
FN:256,(anonymous_24)
FN:263,(anonymous_25)
FN:271,(anonymous_26)
FN:283,(anonymous_27)
FN:293,(anonymous_28)
FN:304,(anonymous_29)
FN:312,(anonymous_30)
FN:318,(anonymous_31)
FN:326,(anonymous_32)
FN:333,(anonymous_33)
FN:340,(anonymous_34)
FN:348,(anonymous_35)
FN:356,(anonymous_36)
FN:368,(anonymous_37)
FN:375,(anonymous_38)
FN:383,(anonymous_39)
FN:397,(anonymous_40)
FN:404,(anonymous_41)
FN:412,(anonymous_42)
FN:418,(anonymous_43)
FN:427,(anonymous_44)
FN:438,(anonymous_45)
FN:447,(anonymous_46)
FN:450,(anonymous_47)
FN:457,(anonymous_48)
FN:463,(anonymous_49)
FN:470,(anonymous_50)
FN:478,(anonymous_51)
FN:486,(anonymous_52)
FN:494,(anonymous_53)
FN:500,(anonymous_54)
FN:507,(anonymous_55)
FN:538,(anonymous_56)
FN:556,(anonymous_57)
FN:572,(anonymous_58)
FNF:59
FNH:5
FNDA:24,(anonymous_0)
FNDA:0,(anonymous_1)
FNDA:0,(anonymous_2)
FNDA:0,(anonymous_3)
FNDA:9,(anonymous_4)
FNDA:0,(anonymous_5)
FNDA:0,(anonymous_6)
FNDA:0,(anonymous_7)
FNDA:9,(anonymous_8)
FNDA:0,(anonymous_9)
FNDA:0,(anonymous_10)
FNDA:0,(anonymous_11)
FNDA:0,(anonymous_12)
FNDA:0,(anonymous_13)
FNDA:0,(anonymous_14)
FNDA:0,(anonymous_15)
FNDA:0,(anonymous_16)
FNDA:0,(anonymous_17)
FNDA:0,(anonymous_18)
FNDA:0,(anonymous_19)
FNDA:0,(anonymous_20)
FNDA:0,(anonymous_21)
FNDA:0,(anonymous_22)
FNDA:0,(anonymous_23)
FNDA:0,(anonymous_24)
FNDA:0,(anonymous_25)
FNDA:0,(anonymous_26)
FNDA:0,(anonymous_27)
FNDA:0,(anonymous_28)
FNDA:0,(anonymous_29)
FNDA:0,(anonymous_30)
FNDA:0,(anonymous_31)
FNDA:0,(anonymous_32)
FNDA:0,(anonymous_33)
FNDA:0,(anonymous_34)
FNDA:0,(anonymous_35)
FNDA:0,(anonymous_36)
FNDA:0,(anonymous_37)
FNDA:0,(anonymous_38)
FNDA:0,(anonymous_39)
FNDA:0,(anonymous_40)
FNDA:0,(anonymous_41)
FNDA:0,(anonymous_42)
FNDA:0,(anonymous_43)
FNDA:0,(anonymous_44)
FNDA:0,(anonymous_45)
FNDA:0,(anonymous_46)
FNDA:0,(anonymous_47)
FNDA:0,(anonymous_48)
FNDA:0,(anonymous_49)
FNDA:0,(anonymous_50)
FNDA:0,(anonymous_51)
FNDA:0,(anonymous_52)
FNDA:0,(anonymous_53)
FNDA:0,(anonymous_54)
FNDA:0,(anonymous_55)
FNDA:0,(anonymous_56)
FNDA:100,(anonymous_57)
FNDA:18,(anonymous_58)
DA:30,24
DA:37,2
DA:38,0
DA:39,0
DA:48,2
DA:51,0
DA:60,0
DA:70,9
DA:79,0
DA:91,0
DA:99,0
DA:111,9
DA:122,0
DA:129,0
DA:138,0
DA:153,0
DA:162,0
DA:172,0
DA:180,0
DA:191,0
DA:198,0
DA:207,0
DA:214,0
DA:223,0
DA:230,0
DA:241,0
DA:250,0
DA:257,0
DA:264,0
DA:272,0
DA:284,0
DA:294,0
DA:305,0
DA:313,0
DA:319,0
DA:327,0
DA:334,0
DA:341,0
DA:349,0
DA:357,0
DA:369,0
DA:376,0
DA:384,0
DA:398,0
DA:405,0
DA:413,0
DA:419,0
DA:428,0
DA:439,0
DA:448,0
DA:451,0
DA:458,0
DA:464,0
DA:471,0
DA:479,0
DA:487,0
DA:495,0
DA:501,0
DA:508,0
DA:526,2
DA:538,2
DA:539,0
DA:540,0
DA:554,2
DA:556,2
DA:557,100
DA:572,2
DA:573,18
DA:574,18
DA:575,18
DA:576,18
DA:580,18
DA:582,18
LF:73
LH:17
BRDA:538,0,0,0
BRDA:557,1,0,100
BRDA:557,1,1,74
BRDA:572,2,0,0
BRDA:574,3,0,18
BRDA:574,3,1,0
BRDA:575,4,0,18
BRDA:575,4,1,0
BRF:8
BRH:4
end_of_record
TN:
SF:src/components/art/HabitIcon.tsx
FN:27,(anonymous_0)
FNF:1
FNH:1
FNDA:18,(anonymous_0)
DA:27,1
DA:35,18
DA:36,18
DA:37,18
DA:39,18
DA:40,0
DA:43,18
DA:45,18
LF:8
LH:7
BRDA:31,0,0,0
BRDA:32,1,0,18
BRDA:36,2,0,18
BRDA:36,2,1,0
BRDA:39,3,0,0
BRDA:39,3,1,18
BRF:6
BRH:3
end_of_record
TN:
SF:src/components/art/Illustration.tsx
FN:29,(anonymous_0)
FN:45,(anonymous_1)
FN:82,(anonymous_2)
FN:106,(anonymous_3)
FN:138,(anonymous_4)
FN:173,(anonymous_5)
FN:201,(anonymous_6)
FN:230,(anonymous_7)
FNF:8
FNH:2
FNDA:0,(anonymous_0)
FNDA:0,(anonymous_1)
FNDA:0,(anonymous_2)
FNDA:6,(anonymous_3)
FNDA:0,(anonymous_4)
FNDA:0,(anonymous_5)
FNDA:6,(anonymous_6)
FNDA:0,(anonymous_7)
DA:19,1
DA:20,1
DA:29,1
DA:30,0
DA:31,0
DA:40,1
DA:46,0
DA:83,0
DA:107,6
DA:139,0
DA:174,0
DA:201,1
DA:207,6
DA:208,6
DA:209,6
DA:211,6
DA:230,1
DA:231,0
DA:232,0
DA:233,0
DA:234,0
DA:236,0
LF:22
LH:11
BRDA:203,0,0,0
BRDA:208,1,0,6
BRDA:208,1,1,6
BRDA:209,2,0,6
BRDA:209,2,1,0
BRDA:230,3,0,0
BRDA:232,4,0,0
BRDA:232,4,1,0
BRDA:233,5,0,0
BRDA:233,5,1,0
BRF:10
BRH:3
end_of_record
TN:
SF:src/components/art/colors.ts
FN:9,(anonymous_0)
FN:10,(anonymous_1)
FN:16,(anonymous_2)
FN:28,(anonymous_3)
FN:37,(anonymous_4)
FN:40,(anonymous_5)
FNF:6
FNH:6
FNDA:100,(anonymous_0)
FNDA:200,(anonymous_1)
FNDA:6,(anonymous_2)
FNDA:300,(anonymous_3)
FNDA:39,(anonymous_4)
FNDA:24,(anonymous_5)
DA:9,2
DA:10,100
DA:11,200
DA:13,200
DA:16,6
DA:19,200
DA:26,100
DA:27,100
DA:28,100
DA:29,300
DA:33,100
DA:37,39
DA:40,24
LF:13
LH:13
BRDA:13,0,0,2
BRDA:13,0,1,198
BRF:2
BRH:2
end_of_record
TN:
SF:src/components/art/resolveGlyph.ts
FN:132,(anonymous_0)
FN:137,(anonymous_1)
FN:192,(anonymous_2)
FN:194,(anonymous_3)
FN:200,(anonymous_4)
FN:204,(anonymous_5)
FN:213,(anonymous_6)
FNF:7
FNH:7
FNDA:196,(anonymous_0)
FNDA:188,(anonymous_1)
FNDA:70,(anonymous_2)
FNDA:248,(anonymous_3)
FNDA:36,(anonymous_4)
FNDA:1460,(anonymous_5)
FNDA:33,(anonymous_6)
DA:15,2
DA:132,2
DA:133,196
DA:136,2
DA:137,188
DA:144,2
DA:191,2
DA:192,70
DA:194,248
DA:200,2
DA:201,36
DA:202,36
DA:203,34
DA:204,1460
DA:206,8
DA:213,2
DA:214,33
DA:216,32
DA:217,9
DA:218,9
DA:223,5
DA:224,5
DA:228,3
DA:229,3
DA:230,3
DA:233,26
LF:26
LH:26
BRDA:201,0,0,36
BRDA:201,0,1,1
BRDA:202,1,0,2
BRDA:202,1,1,34
BRDA:204,2,0,26
BRDA:204,2,1,421
BRDA:214,3,0,1
BRDA:214,3,1,32
BRDA:216,4,0,9
BRDA:216,4,1,23
BRDA:218,5,0,4
BRDA:218,5,1,5
BRDA:224,6,0,2
BRDA:224,6,1,3
BRDA:230,7,0,0
BRDA:230,7,1,3
BRF:16
BRH:15
end_of_record
TN:
SF:src/components/ds/AppHeader.tsx
FN:17,(anonymous_0)
FNF:1
FNH:0
FNDA:0,(anonymous_0)
DA:17,1
DA:26,0
DA:27,0
DA:28,0
DA:30,0
LF:5
LH:1
BRDA:23,0,0,0
BRDA:47,1,0,0
BRDA:47,1,1,0
BRDA:50,2,0,0
BRDA:50,2,1,0
BRDA:70,3,0,0
BRDA:70,3,1,0
BRDA:73,4,0,0
BRDA:73,4,1,0
BRDA:78,5,0,0
BRDA:78,5,1,0
BRDA:80,6,0,0
BRDA:80,6,1,0
BRDA:81,7,0,0
BRDA:81,7,1,0
BRDA:87,8,0,0
BRDA:87,8,1,0
BRF:17
BRH:0
end_of_record
TN:
SF:src/components/ds/Button.tsx
FN:30,(anonymous_0)
FN:103,(anonymous_1)
FNF:2
FNH:2
FNDA:6,(anonymous_0)
FNDA:6,(anonymous_1)
DA:30,1
DA:47,6
DA:49,6
DA:50,6
DA:51,6
DA:53,6
DA:54,6
DA:56,6
DA:58,6
DA:59,0
DA:60,0
DA:61,0
DA:62,6
DA:63,0
DA:64,0
DA:65,0
DA:66,0
DA:67,6
DA:68,0
DA:69,0
DA:70,0
DA:73,6
DA:88,6
DA:95,6
DA:103,6
LF:25
LH:15
BRDA:33,0,0,6
BRDA:34,1,0,6
BRDA:49,2,0,0
BRDA:49,2,1,6
BRDA:49,3,0,0
BRDA:49,3,1,6
BRDA:50,4,0,0
BRDA:50,4,1,6
BRDA:50,5,0,0
BRDA:50,5,1,6
BRDA:51,6,0,0
BRDA:51,6,1,6
BRDA:58,7,0,0
BRDA:58,7,1,6
BRDA:62,8,0,0
BRDA:62,8,1,6
BRDA:67,9,0,0
BRDA:67,9,1,6
BRDA:76,10,0,0
BRDA:76,10,1,6
BRDA:83,11,0,0
BRDA:83,11,1,6
BRDA:84,12,0,0
BRDA:84,12,1,6
BRDA:90,13,0,0
BRDA:90,13,1,6
BRDA:98,14,0,6
BRDA:98,14,1,6
BRDA:100,15,0,6
BRDA:100,15,1,6
BRDA:103,16,0,6
BRDA:103,16,1,0
BRDA:105,17,0,0
BRDA:105,17,1,6
BRDA:109,18,0,6
BRDA:109,18,1,6
BRDA:110,19,0,6
BRDA:110,19,1,0
BRDA:110,19,2,6
BRDA:110,20,0,6
BRDA:110,20,1,0
BRDA:111,21,0,6
BRDA:111,21,1,0
BRF:43
BRH:26
end_of_record
TN:
SF:src/components/ds/Card.tsx
FN:13,(anonymous_0)
FN:45,(anonymous_1)
FNF:2
FNH:1
FNDA:40,(anonymous_0)
FNDA:0,(anonymous_1)
DA:13,1
DA:21,40
DA:23,40
DA:29,40
DA:35,40
DA:36,40
DA:38,40
DA:45,1
DA:46,0
DA:47,0
LF:10
LH:8
BRDA:14,0,0,0
BRDA:23,1,0,9
BRDA:23,1,1,31
BRDA:25,2,0,0
BRDA:25,2,1,31
BRDA:31,3,0,40
BRDA:31,3,1,40
BRDA:35,4,0,31
BRDA:35,4,1,9
BRDA:36,5,0,9
BRDA:36,5,1,31
BRF:11
BRH:9
end_of_record
TN:
SF:src/components/ds/Chip.tsx
FN:15,(anonymous_0)
FNF:1
FNH:0
FNDA:0,(anonymous_0)
DA:15,1
DA:16,0
DA:18,0
DA:19,0
DA:21,0
DA:32,0
DA:39,0
DA:47,0
LF:8
LH:1
BRDA:18,0,0,0
BRDA:18,0,1,0
BRDA:19,1,0,0
BRDA:19,1,1,0
BRDA:19,2,0,0
BRDA:19,2,1,0
BRDA:47,3,0,0
BRDA:47,3,1,0
BRF:8
BRH:0
end_of_record
TN:
SF:src/components/ds/DateStrip.tsx
FN:14,(anonymous_0)
FN:28,(anonymous_1)
FN:36,(anonymous_2)
FN:43,(anonymous_3)
FNF:4
FNH:3
FNDA:31,(anonymous_0)
FNDA:217,(anonymous_1)
FNDA:217,(anonymous_2)
FNDA:0,(anonymous_3)
DA:12,1
DA:14,1
DA:20,31
DA:21,31
DA:22,31
DA:25,31
DA:26,31
DA:28,31
DA:29,217
DA:30,217
DA:31,217
DA:34,31
DA:38,217
DA:39,217
DA:40,217
DA:43,0
LF:16
LH:15
BRDA:15,0,0,0
BRDA:18,1,0,0
BRDA:38,2,0,217
BRDA:38,2,1,217
BRDA:52,3,0,31
BRDA:52,3,1,186
BRDA:59,4,0,31
BRDA:59,4,1,186
BRDA:68,5,0,31
BRDA:68,5,1,186
BRDA:78,6,0,31
BRDA:78,6,1,186
BRDA:83,7,0,217
BRDA:83,7,1,31
BRDA:91,8,0,31
BRDA:91,8,1,0
BRF:16
BRH:13
end_of_record
TN:
SF:src/components/ds/FAB.tsx
FN:16,(anonymous_0)
FN:34,(anonymous_1)
FNF:2
FNH:2
FNDA:31,(anonymous_0)
FNDA:31,(anonymous_1)
DA:16,1
DA:24,31
DA:25,31
DA:26,31
DA:28,31
DA:34,31
LF:6
LH:6
BRDA:18,0,0,31
BRDA:21,1,0,31
BRDA:26,2,0,31
BRDA:26,2,1,31
BRDA:50,3,0,0
BRDA:50,3,1,31
BRF:6
BRH:5
end_of_record
TN:
SF:src/components/ds/Field.tsx
FN:12,(anonymous_0)
FN:56,(anonymous_1)
FN:60,(anonymous_2)
FNF:3
FNH:0
FNDA:0,(anonymous_0)
FNDA:0,(anonymous_1)
FNDA:0,(anonymous_2)
DA:12,1
DA:22,0
DA:23,0
DA:25,0
DA:57,0
DA:58,0
DA:61,0
DA:62,0
LF:8
LH:1
BRDA:27,0,0,0
BRDA:27,0,1,0
BRDA:44,1,0,0
BRDA:44,1,1,0
BRDA:46,2,0,0
BRDA:46,2,1,0
BRF:6
BRH:0
end_of_record
TN:
SF:src/components/ds/HabitRow.tsx
FN:22,(anonymous_0)
FN:55,(anonymous_1)
FNF:2
FNH:2
FNDA:18,(anonymous_0)
FNDA:18,(anonymous_1)
DA:22,1
DA:35,18
DA:36,18
DA:37,18
DA:38,18
DA:42,18
DA:47,18
DA:49,18
DA:55,18
LF:9
LH:9
BRDA:27,0,0,0
BRDA:28,1,0,0
BRDA:36,2,0,18
BRDA:36,2,1,0
BRDA:37,3,0,18
BRDA:37,3,1,0
BRDA:42,4,0,9
BRDA:42,4,1,9
BRDA:44,5,0,0
BRDA:44,5,1,9
BRDA:55,6,0,0
BRDA:55,6,1,18
BRDA:103,7,0,18
BRDA:103,7,1,0
BRDA:103,7,2,18
BRDA:105,8,0,18
BRDA:105,8,1,0
BRDA:110,9,0,18
BRDA:110,9,1,0
BRDA:121,10,0,0
BRDA:121,10,1,18
BRDA:146,11,0,9
BRDA:146,11,1,9
BRDA:153,12,0,9
BRDA:153,12,1,9
BRDA:154,13,0,9
BRDA:154,13,1,9
BRDA:159,14,0,18
BRDA:159,14,1,9
BRF:29
BRH:19
end_of_record
TN:
SF:src/components/ds/Heat.tsx
FN:14,(anonymous_0)
FN:29,(anonymous_1)
FN:42,(anonymous_2)
FN:57,(anonymous_3)
FN:83,(anonymous_4)
FN:96,(anonymous_5)
FN:111,(anonymous_6)
FN:113,(anonymous_7)
FNF:8
FNH:0
FNDA:0,(anonymous_0)
FNDA:0,(anonymous_1)
FNDA:0,(anonymous_2)
FNDA:0,(anonymous_3)
FNDA:0,(anonymous_4)
FNDA:0,(anonymous_5)
FNDA:0,(anonymous_6)
FNDA:0,(anonymous_7)
DA:14,1
DA:15,0
DA:16,0
DA:17,0
DA:18,0
DA:19,0
DA:20,0
DA:21,0
DA:22,0
DA:23,0
DA:24,0
DA:25,0
DA:26,0
DA:29,1
DA:37,0
DA:38,0
DA:39,0
DA:41,0
DA:43,0
DA:44,0
DA:47,0
DA:55,0
DA:58,0
DA:83,1
DA:91,0
DA:92,0
DA:93,0
DA:95,0
DA:97,0
DA:98,0
DA:101,0
DA:109,0
DA:112,0
DA:114,0
DA:115,0
DA:116,0
DA:117,0
LF:37
LH:3
BRDA:30,0,0,0
BRDA:31,1,0,0
BRDA:35,2,0,0
BRDA:38,3,0,0
BRDA:38,3,1,0
BRDA:41,4,0,0
BRDA:41,4,1,0
BRDA:72,5,0,0
BRDA:72,5,1,0
BRDA:84,6,0,0
BRDA:85,7,0,0
BRDA:89,8,0,0
BRDA:92,9,0,0
BRDA:92,9,1,0
BRDA:95,10,0,0
BRDA:95,10,1,0
BRDA:115,11,0,0
BRDA:115,11,1,0
BRDA:116,12,0,0
BRDA:116,12,1,0
BRDA:125,13,0,0
BRDA:125,13,1,0
BRF:22
BRH:0
end_of_record
TN:
SF:src/components/ds/OfflineNotice.tsx
FN:14,(anonymous_0)
FNF:1
FNH:0
FNDA:0,(anonymous_0)
DA:14,1
DA:18,0
DA:19,0
LF:3
LH:1
BRDA:15,0,0,0
BRDA:16,1,0,0
BRF:2
BRH:0
end_of_record
TN:
SF:src/components/ds/OfflinePill.tsx
FN:18,(anonymous_0)
FNF:1
FNH:1
FNDA:31,(anonymous_0)
DA:18,1
DA:19,31
DA:20,31
DA:21,31
DA:23,31
DA:25,31
DA:27,31
LF:7
LH:7
BRDA:21,0,0,31
BRDA:21,0,1,31
BRDA:23,1,0,31
BRDA:23,1,1,31
BRDA:23,2,0,0
BRDA:23,2,1,31
BRDA:25,3,0,0
BRDA:25,3,1,31
BRDA:30,4,0,0
BRDA:30,4,1,31
BRF:10
BRH:7
end_of_record
TN:
SF:src/components/ds/Ring.tsx
FN:15,(anonymous_0)
FNF:1
FNH:1
FNDA:31,(anonymous_0)
DA:15,1
DA:23,31
DA:24,31
DA:25,31
DA:26,31
DA:27,31
DA:28,31
DA:29,31
DA:31,31
LF:9
LH:9
BRDA:16,0,0,0
BRDA:17,1,0,0
BRDA:28,2,0,31
BRDA:28,2,1,31
BRDA:29,3,0,31
BRDA:29,3,1,31
BRF:6
BRH:4
end_of_record
TN:
SF:src/components/ds/Screen.tsx
FN:15,(anonymous_0)
FNF:1
FNH:1
FNDA:31,(anonymous_0)
DA:15,1
DA:16,31
DA:17,31
LF:3
LH:3
BRDA:22,0,0,31
BRDA:22,0,1,31
BRF:2
BRH:2
end_of_record
TN:
SF:src/components/ds/Stat.tsx
FN:12,(anonymous_0)
FNF:1
FNH:0
FNDA:0,(anonymous_0)
DA:12,1
DA:13,0
DA:14,0
LF:3
LH:1
BRDA:21,0,0,0
BRDA:21,0,1,0
BRDA:25,1,0,0
BRDA:25,1,1,0
BRF:4
BRH:0
end_of_record
TN:
SF:src/components/ds/TabBar.tsx
FN:34,(anonymous_0)
FN:43,(anonymous_1)
FN:76,(anonymous_2)
FN:82,(anonymous_3)
FNF:4
FNH:1
FNDA:31,(anonymous_0)
FNDA:0,(anonymous_1)
FNDA:0,(anonymous_2)
FNDA:0,(anonymous_3)
DA:8,1
DA:16,1
DA:24,1
DA:25,1
DA:26,1
DA:34,1
DA:35,31
DA:36,31
DA:43,1
DA:44,0
DA:45,0
DA:47,0
DA:77,0
DA:78,0
DA:79,0
DA:80,0
DA:82,0
DA:83,0
DA:88,0
DA:89,0
DA:93,0
LF:21
LH:9
BRDA:39,0,0,31
BRDA:39,0,1,0
BRDA:57,1,0,0
BRDA:57,1,1,0
BRDA:79,2,0,0
BRDA:79,2,1,0
BRDA:80,3,0,0
BRDA:80,3,1,0
BRDA:80,3,2,0
BRDA:88,4,0,0
BRDA:88,4,1,0
BRDA:88,5,0,0
BRDA:88,5,1,0
BRDA:98,6,0,0
BRDA:98,6,1,0
BRDA:111,7,0,0
BRDA:111,7,1,0
BRDA:117,8,0,0
BRDA:117,8,1,0
BRF:19
BRH:1
end_of_record
TN:
SF:src/components/ds/WeekDots.tsx
FN:13,(anonymous_0)
FN:28,(anonymous_1)
FN:37,(anonymous_2)
FNF:3
FNH:3
FNDA:62,(anonymous_0)
FNDA:31,(anonymous_1)
FNDA:217,(anonymous_2)
DA:13,1
DA:14,62
DA:15,62
DA:16,62
DA:17,62
DA:18,62
DA:19,62
DA:20,62
DA:21,62
DA:22,62
DA:23,62
DA:24,62
DA:25,62
DA:28,1
DA:33,31
DA:34,31
DA:35,31
DA:39,217
DA:44,217
LF:19
LH:19
BRDA:29,0,0,31
BRDA:30,1,0,31
BRDA:34,2,0,31
BRDA:34,2,1,31
BRDA:39,3,0,124
BRDA:39,3,1,93
BRDA:41,4,0,62
BRDA:41,4,1,31
BRF:8
BRH:8
end_of_record
TN:
SF:src/config/api.ts
FN:91,(anonymous_0)
FN:97,(anonymous_1)
FN:113,(anonymous_2)
FN:128,(anonymous_3)
FN:137,(anonymous_4)
FN:157,(anonymous_5)
FN:173,(anonymous_6)
FN:197,(anonymous_7)
FN:214,(anonymous_8)
FN:218,(anonymous_9)
FN:233,(anonymous_10)
FN:248,(anonymous_11)
FN:263,(anonymous_12)
FN:268,(anonymous_13)
FN:293,(anonymous_14)
FN:303,(anonymous_15)
FN:313,(anonymous_16)
FN:315,(anonymous_17)
FN:350,(anonymous_18)
FN:351,(anonymous_19)
FN:358,(anonymous_20)
FN:361,(anonymous_21)
FNF:22
FNH:1
FNDA:3,(anonymous_0)
FNDA:0,(anonymous_1)
FNDA:0,(anonymous_2)
FNDA:0,(anonymous_3)
FNDA:0,(anonymous_4)
FNDA:0,(anonymous_5)
FNDA:0,(anonymous_6)
FNDA:0,(anonymous_7)
FNDA:0,(anonymous_8)
FNDA:0,(anonymous_9)
FNDA:0,(anonymous_10)
FNDA:0,(anonymous_11)
FNDA:0,(anonymous_12)
FNDA:0,(anonymous_13)
FNDA:0,(anonymous_14)
FNDA:0,(anonymous_15)
FNDA:0,(anonymous_16)
FNDA:0,(anonymous_17)
FNDA:0,(anonymous_18)
FNDA:0,(anonymous_19)
FNDA:0,(anonymous_20)
FNDA:0,(anonymous_21)
DA:11,3
DA:14,3
DA:92,3
DA:93,3
DA:98,0
DA:99,0
DA:100,0
DA:101,0
DA:103,0
DA:105,0
DA:107,0
DA:108,0
DA:114,0
DA:115,0
DA:116,0
DA:117,0
DA:119,0
DA:120,0
DA:123,0
DA:129,0
DA:130,0
DA:132,0
DA:138,0
DA:143,0
DA:144,0
DA:145,0
DA:146,0
DA:147,0
DA:149,0
DA:153,0
DA:165,0
DA:166,0
DA:169,0
DA:170,0
DA:172,0
DA:173,0
DA:175,0
DA:176,0
DA:185,0
DA:188,0
DA:189,0
DA:190,0
DA:193,0
DA:196,0
DA:197,0
DA:198,0
DA:201,0
DA:203,0
DA:205,0
DA:206,0
DA:209,0
DA:215,0
DA:223,0
DA:238,0
DA:253,0
DA:264,0
DA:272,0
DA:273,0
DA:279,0
DA:281,0
DA:282,0
DA:283,0
DA:285,0
DA:288,0
DA:289,0
DA:294,0
DA:295,0
DA:297,0
DA:299,0
DA:304,0
DA:308,0
DA:309,0
DA:314,0
DA:315,0
DA:316,0
DA:318,0
DA:323,3
DA:350,3
DA:351,0
DA:352,0
DA:353,0
DA:358,3
DA:359,0
DA:360,0
DA:361,0
DA:363,0
DA:368,0
DA:369,0
DA:371,0
LF:89
LH:7
BRDA:11,0,0,3
BRDA:11,0,1,0
BRDA:91,1,0,0
BRDA:100,2,0,0
BRDA:100,2,1,0
BRDA:115,3,0,0
BRDA:115,3,1,0
BRDA:115,4,0,0
BRDA:115,4,1,0
BRDA:115,4,2,0
BRDA:137,5,0,0
BRDA:143,6,0,0
BRDA:143,6,1,0
BRDA:145,7,0,0
BRDA:145,7,1,0
BRDA:159,8,0,0
BRDA:160,9,0,0
BRDA:165,10,0,0
BRDA:165,10,1,0
BRDA:188,11,0,0
BRDA:188,11,1,0
BRDA:196,12,0,0
BRDA:196,12,1,0
BRDA:198,13,0,0
BRDA:198,13,1,0
BRDA:205,14,0,0
BRDA:205,14,1,0
BRDA:205,15,0,0
BRDA:205,15,1,0
BRDA:214,16,0,0
BRDA:221,17,0,0
BRDA:227,18,0,0
BRDA:227,18,1,0
BRDA:236,19,0,0
BRDA:242,20,0,0
BRDA:242,20,1,0
BRDA:251,21,0,0
BRDA:257,22,0,0
BRDA:257,22,1,0
BRDA:263,23,0,0
BRDA:281,24,0,0
BRDA:281,24,1,0
BRDA:281,25,0,0
BRDA:281,25,1,0
BRF:44
BRH:1
end_of_record
TN:
SF:src/config/runtime.ts
FNF:0
FNH:0
DA:12,3
LF:1
LH:1
BRF:0
BRH:0
end_of_record
TN:
SF:src/constants/api.ts
FN:41,(anonymous_0)
FN:49,(anonymous_1)
FN:62,(anonymous_2)
FN:75,(anonymous_3)
FN:83,(anonymous_4)
FN:85,(anonymous_5)
FNF:6
FNH:0
FNDA:0,(anonymous_0)
FNDA:0,(anonymous_1)
FNDA:0,(anonymous_2)
FNDA:0,(anonymous_3)
FNDA:0,(anonymous_4)
FNDA:0,(anonymous_5)
DA:1,9
DA:40,9
DA:42,0
DA:46,0
DA:50,0
DA:59,0
DA:63,0
DA:72,0
DA:76,0
DA:80,0
DA:84,0
DA:85,0
DA:86,0
DA:88,0
LF:14
LH:2
BRDA:2,0,0,9
BRDA:2,0,1,0
BRDA:3,1,0,9
BRDA:3,1,1,0
BRF:4
BRH:2
end_of_record
TN:
SF:src/constants/app.ts
FNF:0
FNH:0
DA:6,10
DA:12,10
DA:22,10
DA:33,10
DA:42,10
DA:49,10
LF:6
LH:6
BRF:0
BRH:0
end_of_record
TN:
SF:src/contexts/AuthContext.tsx
FN:21,(anonymous_0)
FN:25,(anonymous_1)
FN:29,(anonymous_2)
FN:57,(anonymous_3)
FN:76,(anonymous_4)
FN:95,(anonymous_5)
FN:110,(anonymous_6)
FN:120,(anonymous_7)
FN:145,(anonymous_8)
FNF:9
FNH:0
FNDA:0,(anonymous_0)
FNDA:0,(anonymous_1)
FNDA:0,(anonymous_2)
FNDA:0,(anonymous_3)
FNDA:0,(anonymous_4)
FNDA:0,(anonymous_5)
FNDA:0,(anonymous_6)
FNDA:0,(anonymous_7)
FNDA:0,(anonymous_8)
DA:15,1
DA:21,1
DA:22,0
DA:23,0
DA:25,0
DA:26,0
DA:29,0
DA:30,0
DA:31,0
DA:34,0
DA:35,0
DA:37,0
DA:41,0
DA:42,0
DA:44,0
DA:45,0
DA:46,0
DA:48,0
DA:51,0
DA:53,0
DA:57,0
DA:58,0
DA:59,0
DA:60,0
DA:62,0
DA:65,0
DA:67,0
DA:69,0
DA:70,0
DA:72,0
DA:76,0
DA:77,0
DA:78,0
DA:79,0
DA:81,0
DA:84,0
DA:86,0
DA:88,0
DA:89,0
DA:91,0
DA:95,0
DA:96,0
DA:97,0
DA:99,0
DA:100,0
DA:102,0
DA:104,0
DA:106,0
DA:110,0
DA:111,0
DA:114,0
DA:116,0
DA:120,0
DA:121,0
DA:123,0
DA:125,0
DA:129,0
DA:138,0
DA:145,1
DA:146,0
DA:147,0
DA:148,0
DA:150,0
LF:63
LH:3
BRDA:44,0,0,0
BRDA:44,0,1,0
BRDA:147,1,0,0
BRDA:147,1,1,0
BRF:4
BRH:0
end_of_record
TN:
SF:src/data/habitTemplates.ts
FN:559,getTemplatesByCategory
FN:563,(anonymous_1)
FN:566,getTemplateById
FN:567,(anonymous_3)
FN:571,searchTemplates
FN:576,(anonymous_5)
FN:579,(anonymous_6)
FN:585,getPopularTemplates
FN:598,(anonymous_8)
FN:604,getBeginnerTemplates
FN:616,(anonymous_10)
FN:621,getTemplatesByDifficulty
FN:630,(anonymous_12)
FN:649,getRecommendedTemplates
FN:660,(anonymous_14)
FN:661,(anonymous_15)
FN:666,(anonymous_16)
FN:670,(anonymous_17)
FN:683,(anonymous_18)
FN:684,(anonymous_19)
FN:692,getTemplatesByTimeCommitment
FN:693,(anonymous_21)
FN:700,getHabitTemplateStats
FN:711,(anonymous_23)
FNF:24
FNH:0
FNDA:0,getTemplatesByCategory
FNDA:0,(anonymous_1)
FNDA:0,getTemplateById
FNDA:0,(anonymous_3)
FNDA:0,searchTemplates
FNDA:0,(anonymous_5)
FNDA:0,(anonymous_6)
FNDA:0,getPopularTemplates
FNDA:0,(anonymous_8)
FNDA:0,getBeginnerTemplates
FNDA:0,(anonymous_10)
FNDA:0,getTemplatesByDifficulty
FNDA:0,(anonymous_12)
FNDA:0,getRecommendedTemplates
FNDA:0,(anonymous_14)
FNDA:0,(anonymous_15)
FNDA:0,(anonymous_16)
FNDA:0,(anonymous_17)
FNDA:0,(anonymous_18)
FNDA:0,(anonymous_19)
FNDA:0,getTemplatesByTimeCommitment
FNDA:0,(anonymous_21)
FNDA:0,getHabitTemplateStats
FNDA:0,(anonymous_23)
DA:30,0
DA:549,0
DA:560,0
DA:561,0
DA:563,0
DA:567,0
DA:572,0
DA:574,0
DA:576,0
DA:577,0
DA:579,0
DA:588,0
DA:597,0
DA:598,0
DA:606,0
DA:615,0
DA:616,0
DA:622,0
DA:628,0
DA:630,0
DA:632,0
DA:634,0
DA:635,0
DA:636,0
DA:637,0
DA:639,0
DA:640,0
DA:641,0
DA:644,0
DA:653,0
DA:654,0
DA:658,0
DA:659,0
DA:660,0
DA:661,0
DA:663,0
DA:666,0
DA:667,0
DA:668,0
DA:670,0
DA:671,0
DA:674,0
DA:675,0
DA:681,0
DA:682,0
DA:683,0
DA:684,0
DA:688,0
DA:693,0
DA:694,0
DA:695,0
DA:706,0
DA:707,0
DA:708,0
DA:709,0
DA:711,0
DA:713,0
DA:716,0
DA:719,0
DA:720,0
DA:721,0
DA:725,0
LF:62
LH:0
BRDA:560,0,0,0
BRDA:560,0,1,0
BRDA:572,1,0,0
BRDA:572,1,1,0
BRDA:577,2,0,0
BRDA:577,2,1,0
BRDA:577,2,2,0
BRDA:577,2,3,0
BRDA:585,3,0,0
BRDA:634,4,0,0
BRDA:634,4,1,0
BRDA:636,5,0,0
BRDA:636,5,1,0
BRDA:637,6,0,0
BRDA:637,6,1,0
BRDA:640,7,0,0
BRDA:640,7,1,0
BRDA:641,8,0,0
BRDA:641,8,1,0
BRDA:651,9,0,0
BRDA:653,10,0,0
BRDA:653,10,1,0
BRDA:661,11,0,0
BRDA:661,11,1,0
BRDA:668,12,0,0
BRDA:668,12,1,0
BRDA:670,13,0,0
BRDA:670,13,1,0
BRDA:674,14,0,0
BRDA:674,14,1,0
BRDA:681,15,0,0
BRDA:681,15,1,0
BRDA:694,16,0,0
BRDA:694,16,1,0
BRDA:713,17,0,0
BRDA:713,17,1,0
BRDA:716,18,0,0
BRDA:716,18,1,0
BRDA:719,19,0,0
BRDA:719,19,1,0
BRDA:728,20,0,0
BRDA:728,20,1,0
BRF:42
BRH:0
end_of_record
TN:
SF:src/hooks/useAnalytics.ts
FN:24,(anonymous_0)
FN:30,(anonymous_1)
FN:32,(anonymous_2)
FN:42,(anonymous_3)
FN:44,(anonymous_4)
FN:51,(anonymous_5)
FN:52,(anonymous_6)
FN:54,(anonymous_7)
FN:60,(anonymous_8)
FN:66,(anonymous_9)
FN:97,(anonymous_10)
FN:103,(anonymous_11)
FN:104,(anonymous_12)
FNF:13
FNH:0
FNDA:0,(anonymous_0)
FNDA:0,(anonymous_1)
FNDA:0,(anonymous_2)
FNDA:0,(anonymous_3)
FNDA:0,(anonymous_4)
FNDA:0,(anonymous_5)
FNDA:0,(anonymous_6)
FNDA:0,(anonymous_7)
FNDA:0,(anonymous_8)
FNDA:0,(anonymous_9)
FNDA:0,(anonymous_10)
FNDA:0,(anonymous_11)
FNDA:0,(anonymous_12)
DA:24,0
DA:25,0
DA:26,0
DA:27,0
DA:28,0
DA:30,0
DA:31,0
DA:32,0
DA:34,0
DA:42,0
DA:43,0
DA:44,0
DA:45,0
DA:46,0
DA:48,0
DA:51,0
DA:52,0
DA:53,0
DA:54,0
DA:57,0
DA:60,0
DA:61,0
DA:62,0
DA:63,0
DA:65,0
DA:66,0
DA:68,0
DA:70,0
DA:76,0
DA:77,0
DA:79,0
DA:92,0
DA:93,0
DA:97,0
DA:98,0
DA:99,0
DA:100,0
DA:103,0
DA:104,0
DA:105,0
DA:106,0
DA:107,0
DA:110,0
DA:113,0
LF:44
LH:0
BRDA:24,0,0,0
BRDA:45,1,0,0
BRDA:45,1,1,0
BRDA:46,2,0,0
BRDA:46,2,1,0
BRDA:53,3,0,0
BRDA:53,3,1,0
BRF:7
BRH:0
end_of_record
TN:
SF:src/hooks/useNetworkStatus.ts
FN:10,(anonymous_0)
FN:11,(anonymous_1)
FN:15,(anonymous_2)
FNF:3
FNH:3
FNDA:31,(anonymous_0)
FNDA:8,(anonymous_1)
FNDA:8,(anonymous_2)
DA:10,1
DA:11,31
DA:12,8
DA:15,31
DA:18,8
DA:19,8
DA:20,8
DA:23,31
LF:8
LH:8
BRF:0
BRH:0
end_of_record
TN:
SF:src/hooks/useSmartNotifications.ts
FN:16,(anonymous_0)
FN:23,(anonymous_1)
FN:37,(anonymous_2)
FN:43,(anonymous_3)
FN:50,(anonymous_4)
FN:61,(anonymous_5)
FN:72,(anonymous_6)
FN:83,(anonymous_7)
FN:96,(anonymous_8)
FN:119,(anonymous_9)
FN:123,(anonymous_10)
FN:134,(anonymous_11)
FN:145,(anonymous_12)
FN:156,(anonymous_13)
FN:167,(anonymous_14)
FN:178,(anonymous_15)
FNF:16
FNH:0
FNDA:0,(anonymous_0)
FNDA:0,(anonymous_1)
FNDA:0,(anonymous_2)
FNDA:0,(anonymous_3)
FNDA:0,(anonymous_4)
FNDA:0,(anonymous_5)
FNDA:0,(anonymous_6)
FNDA:0,(anonymous_7)
FNDA:0,(anonymous_8)
FNDA:0,(anonymous_9)
FNDA:0,(anonymous_10)
FNDA:0,(anonymous_11)
FNDA:0,(anonymous_12)
FNDA:0,(anonymous_13)
FNDA:0,(anonymous_14)
FNDA:0,(anonymous_15)
DA:16,0
DA:17,0
DA:18,0
DA:19,0
DA:21,0
DA:23,0
DA:24,0
DA:26,0
DA:27,0
DA:28,0
DA:29,0
DA:30,0
DA:31,0
DA:33,0
DA:37,0
DA:38,0
DA:42,0
DA:44,0
DA:45,0
DA:50,0
DA:51,0
DA:52,0
DA:53,0
DA:54,0
DA:56,0
DA:57,0
DA:61,0
DA:62,0
DA:64,0
DA:65,0
DA:66,0
DA:68,0
DA:72,0
DA:73,0
DA:75,0
DA:76,0
DA:77,0
DA:79,0
DA:83,0
DA:87,0
DA:89,0
DA:90,0
DA:92,0
DA:96,0
DA:97,0
DA:99,0
DA:100,0
DA:101,0
DA:103,0
DA:107,0
DA:119,0
DA:120,0
DA:121,0
DA:123,0
DA:124,0
DA:126,0
DA:127,0
DA:128,0
DA:130,0
DA:134,0
DA:135,0
DA:137,0
DA:138,0
DA:139,0
DA:141,0
DA:145,0
DA:146,0
DA:148,0
DA:149,0
DA:150,0
DA:152,0
DA:156,0
DA:157,0
DA:159,0
DA:160,0
DA:161,0
DA:163,0
DA:167,0
DA:168,0
DA:170,0
DA:171,0
DA:172,0
DA:174,0
DA:178,0
DA:179,0
DA:181,0
DA:182,0
DA:183,0
DA:185,0
DA:189,0
LF:90
LH:0
BRDA:24,0,0,0
BRDA:24,0,1,0
BRDA:44,1,0,0
BRDA:44,1,1,0
BRDA:62,2,0,0
BRDA:62,2,1,0
BRDA:73,3,0,0
BRDA:73,3,1,0
BRDA:87,4,0,0
BRDA:87,4,1,0
BRDA:97,5,0,0
BRDA:97,5,1,0
BRDA:124,6,0,0
BRDA:124,6,1,0
BRDA:135,7,0,0
BRDA:135,7,1,0
BRDA:146,8,0,0
BRDA:146,8,1,0
BRDA:157,9,0,0
BRDA:157,9,1,0
BRDA:168,10,0,0
BRDA:168,10,1,0
BRDA:179,11,0,0
BRDA:179,11,1,0
BRF:24
BRH:0
end_of_record
TN:
SF:src/navigation/index.tsx
FN:35,MainTabNavigator
FN:38,(anonymous_1)
FN:73,RootNavigator
FNF:3
FNH:0
FNDA:0,MainTabNavigator
FNDA:0,(anonymous_1)
FNDA:0,RootNavigator
DA:32,0
DA:33,0
DA:36,0
DA:38,0
DA:74,0
DA:75,0
DA:80,0
DA:92,0
DA:93,0
DA:100,0
LF:10
LH:0
BRDA:81,0,0,0
BRDA:81,0,1,0
BRDA:83,1,0,0
BRDA:83,1,1,0
BRDA:92,2,0,0
BRDA:92,2,1,0
BRDA:232,3,0,0
BRDA:232,3,1,0
BRF:8
BRH:0
end_of_record
TN:
SF:src/screens/HomeScreen.tsx
FN:37,(anonymous_0)
FN:44,(anonymous_1)
FN:48,(anonymous_2)
FN:58,(anonymous_3)
FN:74,(anonymous_4)
FN:75,(anonymous_5)
FN:75,(anonymous_6)
FN:76,(anonymous_7)
FN:79,(anonymous_8)
FN:95,(anonymous_9)
FN:102,(anonymous_10)
FN:105,(anonymous_11)
FN:118,(anonymous_12)
FN:122,(anonymous_13)
FN:127,(anonymous_14)
FN:132,(anonymous_15)
FN:141,(anonymous_16)
FN:169,(anonymous_17)
FN:181,(anonymous_18)
FN:183,(anonymous_19)
FN:188,(anonymous_20)
FN:195,(anonymous_21)
FN:202,(anonymous_22)
FN:207,(anonymous_23)
FN:212,(anonymous_24)
FN:252,(anonymous_25)
FN:444,(anonymous_26)
FN:462,(anonymous_27)
FN:463,(anonymous_28)
FNF:29
FNH:19
FNDA:31,(anonymous_0)
FNDA:31,(anonymous_1)
FNDA:31,(anonymous_2)
FNDA:8,(anonymous_3)
FNDA:8,(anonymous_4)
FNDA:0,(anonymous_5)
FNDA:0,(anonymous_6)
FNDA:8,(anonymous_7)
FNDA:16,(anonymous_8)
FNDA:16,(anonymous_9)
FNDA:10,(anonymous_10)
FNDA:0,(anonymous_11)
FNDA:8,(anonymous_12)
FNDA:16,(anonymous_13)
FNDA:8,(anonymous_14)
FNDA:0,(anonymous_15)
FNDA:18,(anonymous_16)
FNDA:18,(anonymous_17)
FNDA:18,(anonymous_18)
FNDA:1,(anonymous_19)
FNDA:0,(anonymous_20)
FNDA:0,(anonymous_21)
FNDA:0,(anonymous_22)
FNDA:0,(anonymous_23)
FNDA:1,(anonymous_24)
FNDA:0,(anonymous_25)
FNDA:18,(anonymous_26)
FNDA:1,(anonymous_27)
FNDA:0,(anonymous_28)
DA:37,1
DA:38,31
DA:39,31
DA:40,0
DA:41,0
DA:44,1
DA:45,31
DA:48,1
DA:49,31
DA:50,31
DA:51,31
DA:52,31
DA:53,31
DA:55,31
DA:56,31
DA:57,31
DA:58,31
DA:59,8
DA:60,8
DA:61,8
DA:65,31
DA:66,31
DA:68,31
DA:69,31
DA:70,31
DA:71,31
DA:74,31
DA:75,8
DA:76,8
DA:79,31
DA:80,16
DA:81,16
DA:82,16
DA:83,14
DA:85,2
DA:86,2
DA:88,16
DA:94,31
DA:96,16
DA:97,11
DA:98,11
DA:100,5
DA:101,5
DA:103,10
DA:105,0
DA:106,0
DA:109,0
DA:111,5
DA:112,5
DA:118,31
DA:119,8
DA:122,31
DA:123,16
DA:126,31
DA:128,8
DA:132,31
DA:133,0
DA:134,0
DA:135,0
DA:137,0
DA:141,31
DA:142,18
DA:143,18
DA:144,18
DA:148,18
DA:152,18
DA:153,0
DA:156,18
DA:157,18
DA:158,0
DA:159,0
DA:160,0
DA:162,0
DA:165,18
DA:166,18
DA:169,31
DA:170,18
DA:171,18
DA:172,18
DA:175,31
DA:176,31
DA:177,31
DA:178,31
DA:181,31
DA:183,31
DA:184,1
DA:185,1
DA:188,31
DA:190,0
DA:191,0
DA:195,0
DA:200,0
DA:201,0
DA:202,0
DA:203,0
DA:205,0
DA:207,0
DA:208,0
DA:212,31
DA:213,1
DA:216,31
DA:218,31
DA:252,0
DA:445,18
DA:446,18
DA:447,18
DA:450,18
DA:451,18
DA:462,1
DA:463,0
LF:110
LH:84
BRDA:39,0,0,31
BRDA:39,0,1,0
BRDA:40,1,0,0
BRDA:40,1,1,0
BRDA:83,2,0,14
BRDA:83,2,1,0
BRDA:96,3,0,11
BRDA:96,3,1,5
BRDA:142,4,0,18
BRDA:142,4,1,0
BRDA:143,5,0,18
BRDA:143,5,1,0
BRDA:148,6,0,18
BRDA:148,6,1,0
BRDA:149,7,0,18
BRDA:149,7,1,9
BRDA:150,8,0,0
BRDA:150,8,1,0
BRDA:152,9,0,0
BRDA:152,9,1,18
BRDA:153,10,0,0
BRDA:153,10,1,0
BRDA:153,11,0,0
BRDA:153,11,1,0
BRDA:157,12,0,0
BRDA:157,12,1,18
BRDA:157,13,0,18
BRDA:157,13,1,0
BRDA:157,13,2,0
BRDA:159,14,0,0
BRDA:159,14,1,0
BRDA:159,15,0,0
BRDA:159,15,1,0
BRDA:159,15,2,0
BRDA:165,16,0,9
BRDA:165,16,1,9
BRDA:165,17,0,18
BRDA:165,17,1,18
BRDA:171,18,0,0
BRDA:171,18,1,18
BRDA:172,19,0,18
BRDA:172,19,1,0
BRDA:177,20,0,9
BRDA:177,20,1,22
BRDA:181,21,0,18
BRDA:181,21,1,0
BRDA:190,22,0,0
BRDA:190,22,1,0
BRDA:197,23,0,0
BRDA:197,23,1,0
BRDA:216,24,0,31
BRDA:216,24,1,0
BRDA:216,25,0,31
BRDA:216,25,1,0
BRDA:289,26,0,31
BRDA:289,26,1,9
BRDA:299,27,0,0
BRDA:299,27,1,9
BRDA:355,28,0,31
BRDA:355,28,1,0
BRDA:365,29,0,22
BRDA:365,29,1,9
BRDA:367,30,0,0
BRDA:367,30,1,9
BRDA:377,31,0,31
BRDA:377,31,1,9
BRDA:395,32,0,9
BRDA:395,32,1,0
BRDA:404,33,0,16
BRDA:404,33,1,15
BRDA:404,34,0,31
BRDA:404,34,1,16
BRDA:408,35,0,6
BRDA:408,35,1,9
BRDA:446,36,0,18
BRDA:446,36,1,9
BRDA:446,36,2,0
BRDA:446,36,3,0
BRDA:446,36,4,0
BRDA:447,37,0,18
BRDA:447,37,1,0
BRDA:449,38,0,0
BRDA:449,38,1,0
BRDA:449,39,0,0
BRDA:449,39,1,0
BRDA:450,40,0,18
BRDA:450,40,1,18
BRDA:455,41,0,18
BRDA:455,41,1,0
BRDA:455,41,2,0
BRDA:457,42,0,18
BRDA:457,42,1,18
BRDA:471,43,0,31
BRDA:471,43,1,9
BRDA:482,44,0,0
BRDA:482,44,1,9
BRF:96
BRH:50
end_of_record
TN:
SF:src/screens/analytics/AIInsightsScreen.tsx
FN:20,(anonymous_0)
FN:42,(anonymous_1)
FN:52,(anonymous_2)
FN:73,(anonymous_3)
FN:75,(anonymous_4)
FN:91,(anonymous_5)
FN:120,(anonymous_6)
FN:121,(anonymous_7)
FN:122,(anonymous_8)
FN:123,(anonymous_9)
FN:136,(anonymous_10)
FN:161,(anonymous_11)
FN:169,(anonymous_12)
FN:187,(anonymous_13)
FN:203,(anonymous_14)
FN:223,(anonymous_15)
FNF:16
FNH:0
FNDA:0,(anonymous_0)
FNDA:0,(anonymous_1)
FNDA:0,(anonymous_2)
FNDA:0,(anonymous_3)
FNDA:0,(anonymous_4)
FNDA:0,(anonymous_5)
FNDA:0,(anonymous_6)
FNDA:0,(anonymous_7)
FNDA:0,(anonymous_8)
FNDA:0,(anonymous_9)
FNDA:0,(anonymous_10)
FNDA:0,(anonymous_11)
FNDA:0,(anonymous_12)
FNDA:0,(anonymous_13)
FNDA:0,(anonymous_14)
FNDA:0,(anonymous_15)
DA:20,0
DA:21,0
DA:22,0
DA:42,0
DA:43,0
DA:44,0
DA:45,0
DA:46,0
DA:47,0
DA:48,0
DA:49,0
DA:50,0
DA:52,0
DA:53,0
DA:54,0
DA:55,0
DA:56,0
DA:62,0
DA:63,0
DA:64,0
DA:65,0
DA:67,0
DA:69,0
DA:73,0
DA:75,0
DA:76,0
DA:77,0
DA:78,0
DA:79,0
DA:81,0
DA:85,0
DA:91,0
DA:120,0
DA:121,0
DA:122,0
DA:123,0
DA:137,0
DA:162,0
DA:170,0
DA:188,0
DA:204,0
DA:223,0
DA:224,0
DA:225,0
LF:44
LH:0
BRDA:32,0,0,0
BRDA:32,0,1,0
BRDA:37,1,0,0
BRDA:37,1,1,0
BRDA:62,2,0,0
BRDA:62,2,1,0
BRDA:63,3,0,0
BRDA:63,3,1,0
BRDA:64,4,0,0
BRDA:64,4,1,0
BRDA:65,5,0,0
BRDA:65,5,1,0
BRDA:126,6,0,0
BRDA:126,6,1,0
BRDA:132,7,0,0
BRDA:132,7,1,0
BRDA:133,8,0,0
BRDA:133,8,1,0
BRDA:149,9,0,0
BRDA:149,9,1,0
BRDA:157,10,0,0
BRDA:157,10,1,0
BRDA:158,11,0,0
BRDA:158,11,1,0
BRDA:183,12,0,0
BRDA:183,12,1,0
BRDA:184,13,0,0
BRDA:184,13,1,0
BRDA:193,14,0,0
BRDA:193,14,1,0
BRDA:199,15,0,0
BRDA:199,15,1,0
BRDA:200,16,0,0
BRDA:200,16,1,0
BRDA:206,17,0,0
BRDA:206,17,1,0
BRDA:208,18,0,0
BRDA:208,18,1,0
BRDA:211,19,0,0
BRDA:211,19,1,0
BRDA:211,20,0,0
BRDA:211,20,1,0
BRF:42
BRH:0
end_of_record
TN:
SF:src/screens/analytics/Analytics.tsx
FN:10,(anonymous_0)
FN:25,(anonymous_1)
FN:38,(anonymous_2)
FN:39,(anonymous_3)
FN:61,(anonymous_4)
FN:71,(anonymous_5)
FN:71,(anonymous_6)
FN:77,(anonymous_7)
FN:80,(anonymous_8)
FN:80,(anonymous_9)
FN:100,(anonymous_10)
FN:104,(anonymous_11)
FN:125,(anonymous_12)
FN:186,(anonymous_13)
FN:191,(anonymous_14)
FN:243,(anonymous_15)
FN:304,(anonymous_16)
FN:368,(anonymous_17)
FNF:18
FNH:0
FNDA:0,(anonymous_0)
FNDA:0,(anonymous_1)
FNDA:0,(anonymous_2)
FNDA:0,(anonymous_3)
FNDA:0,(anonymous_4)
FNDA:0,(anonymous_5)
FNDA:0,(anonymous_6)
FNDA:0,(anonymous_7)
FNDA:0,(anonymous_8)
FNDA:0,(anonymous_9)
FNDA:0,(anonymous_10)
FNDA:0,(anonymous_11)
FNDA:0,(anonymous_12)
FNDA:0,(anonymous_13)
FNDA:0,(anonymous_14)
FNDA:0,(anonymous_15)
FNDA:0,(anonymous_16)
FNDA:0,(anonymous_17)
DA:10,0
DA:11,0
DA:12,0
DA:13,0
DA:14,0
DA:15,0
DA:16,0
DA:17,0
DA:18,0
DA:19,0
DA:20,0
DA:21,0
DA:22,0
DA:25,0
DA:31,0
DA:32,0
DA:34,0
DA:35,0
DA:36,0
DA:37,0
DA:38,0
DA:39,0
DA:40,0
DA:41,0
DA:56,0
DA:59,0
DA:61,0
DA:62,0
DA:63,0
DA:64,0
DA:65,0
DA:66,0
DA:70,0
DA:71,0
DA:77,0
DA:78,0
DA:79,0
DA:80,0
DA:81,0
DA:82,0
DA:83,0
DA:84,0
DA:87,0
DA:88,0
DA:98,0
DA:100,0
DA:103,0
DA:104,0
DA:108,0
DA:126,0
DA:187,0
DA:188,0
DA:191,0
DA:244,0
DA:245,0
DA:246,0
DA:305,0
DA:369,0
LF:58
LH:0
BRDA:28,0,0,0
BRDA:29,1,0,0
BRDA:31,2,0,0
BRDA:31,2,1,0
BRDA:36,3,0,0
BRDA:36,3,1,0
BRDA:39,4,0,0
BRDA:39,4,1,0
BRDA:71,5,0,0
BRDA:71,5,1,0
BRDA:78,6,0,0
BRDA:78,6,1,0
BRDA:80,7,0,0
BRDA:80,7,1,0
BRDA:82,8,0,0
BRDA:82,8,1,0
BRDA:83,9,0,0
BRDA:83,9,1,0
BRDA:87,10,0,0
BRDA:87,10,1,0
BRDA:87,11,0,0
BRDA:87,11,1,0
BRDA:98,12,0,0
BRDA:98,12,1,0
BRDA:100,13,0,0
BRDA:100,13,1,0
BRDA:100,14,0,0
BRDA:100,14,1,0
BRDA:103,15,0,0
BRDA:103,15,1,0
BRDA:104,16,0,0
BRDA:104,16,1,0
BRDA:112,17,0,0
BRDA:112,17,1,0
BRDA:112,18,0,0
BRDA:112,18,1,0
BRDA:122,19,0,0
BRDA:122,19,1,0
BRDA:123,20,0,0
BRDA:123,20,1,0
BRDA:124,21,0,0
BRDA:124,21,1,0
BRDA:140,22,0,0
BRDA:140,22,1,0
BRDA:162,23,0,0
BRDA:162,23,1,0
BRDA:164,24,0,0
BRDA:164,24,1,0
BRDA:199,25,0,0
BRDA:199,25,1,0
BRDA:204,26,0,0
BRDA:204,26,1,0
BRDA:212,27,0,0
BRDA:212,27,1,0
BRDA:237,28,0,0
BRDA:237,28,1,0
BRDA:244,29,0,0
BRDA:244,29,1,0
BRDA:245,30,0,0
BRDA:245,30,1,0
BRDA:266,31,0,0
BRDA:266,31,1,0
BRDA:374,32,0,0
BRDA:374,32,1,0
BRF:64
BRH:0
end_of_record
TN:
SF:src/screens/analytics/CalendarScreen.tsx
FN:14,(anonymous_0)
FN:40,(anonymous_1)
FN:49,(anonymous_2)
FN:61,(anonymous_3)
FN:70,(anonymous_4)
FN:74,(anonymous_5)
FN:76,(anonymous_6)
FN:109,(anonymous_7)
FN:113,(anonymous_8)
FN:115,(anonymous_9)
FN:122,(anonymous_10)
FN:125,(anonymous_11)
FN:128,(anonymous_12)
FN:162,(anonymous_13)
FN:163,(anonymous_14)
FN:180,(anonymous_15)
FN:228,(anonymous_16)
FN:247,(anonymous_17)
FN:249,(anonymous_18)
FN:258,(anonymous_19)
FN:320,(anonymous_20)
FNF:21
FNH:0
FNDA:0,(anonymous_0)
FNDA:0,(anonymous_1)
FNDA:0,(anonymous_2)
FNDA:0,(anonymous_3)
FNDA:0,(anonymous_4)
FNDA:0,(anonymous_5)
FNDA:0,(anonymous_6)
FNDA:0,(anonymous_7)
FNDA:0,(anonymous_8)
FNDA:0,(anonymous_9)
FNDA:0,(anonymous_10)
FNDA:0,(anonymous_11)
FNDA:0,(anonymous_12)
FNDA:0,(anonymous_13)
FNDA:0,(anonymous_14)
FNDA:0,(anonymous_15)
FNDA:0,(anonymous_16)
FNDA:0,(anonymous_17)
FNDA:0,(anonymous_18)
FNDA:0,(anonymous_19)
FNDA:0,(anonymous_20)
DA:14,0
DA:15,0
DA:16,0
DA:17,0
DA:18,0
DA:19,0
DA:20,0
DA:21,0
DA:22,0
DA:23,0
DA:24,0
DA:25,0
DA:26,0
DA:29,0
DA:30,0
DA:40,0
DA:41,0
DA:42,0
DA:43,0
DA:44,0
DA:45,0
DA:46,0
DA:47,0
DA:49,0
DA:50,0
DA:51,0
DA:52,0
DA:53,0
DA:55,0
DA:56,0
DA:57,0
DA:58,0
DA:59,0
DA:60,0
DA:61,0
DA:62,0
DA:64,0
DA:66,0
DA:70,0
DA:71,0
DA:74,0
DA:76,0
DA:77,0
DA:78,0
DA:79,0
DA:80,0
DA:82,0
DA:83,0
DA:84,0
DA:85,0
DA:87,0
DA:88,0
DA:90,0
DA:91,0
DA:92,0
DA:93,0
DA:94,0
DA:95,0
DA:104,0
DA:105,0
DA:108,0
DA:109,0
DA:111,0
DA:113,0
DA:115,0
DA:116,0
DA:122,0
DA:123,0
DA:125,0
DA:126,0
DA:128,0
DA:129,0
DA:132,0
DA:162,0
DA:164,0
DA:165,0
DA:166,0
DA:167,0
DA:180,0
DA:229,0
DA:248,0
DA:250,0
DA:251,0
DA:253,0
DA:254,0
DA:255,0
DA:258,0
DA:321,0
DA:322,0
DA:323,0
LF:90
LH:0
BRDA:53,0,0,0
BRDA:53,0,1,0
BRDA:93,1,0,0
BRDA:93,1,1,0
BRDA:94,2,0,0
BRDA:94,2,1,0
BRDA:94,3,0,0
BRDA:94,3,1,0
BRDA:94,4,0,0
BRDA:94,4,1,0
BRDA:94,5,0,0
BRDA:94,5,1,0
BRDA:109,6,0,0
BRDA:109,6,1,0
BRDA:109,7,0,0
BRDA:109,7,1,0
BRDA:111,8,0,0
BRDA:111,8,1,0
BRDA:113,9,0,0
BRDA:113,9,1,0
BRDA:113,10,0,0
BRDA:113,10,1,0
BRDA:116,11,0,0
BRDA:116,11,1,0
BRDA:118,12,0,0
BRDA:118,12,1,0
BRDA:164,13,0,0
BRDA:164,13,1,0
BRDA:166,14,0,0
BRDA:166,14,1,0
BRDA:175,15,0,0
BRDA:175,15,1,0
BRDA:176,16,0,0
BRDA:176,16,1,0
BRDA:250,17,0,0
BRDA:250,17,1,0
BRDA:254,18,0,0
BRDA:254,18,1,0
BRDA:258,19,0,0
BRDA:258,19,1,0
BRDA:260,20,0,0
BRDA:260,20,1,0
BRDA:269,21,0,0
BRDA:269,21,1,0
BRDA:273,22,0,0
BRDA:273,22,1,0
BRDA:283,23,0,0
BRDA:283,23,1,0
BRDA:290,24,0,0
BRDA:290,24,1,0
BRDA:306,25,0,0
BRDA:306,25,1,0
BRDA:310,26,0,0
BRDA:310,26,1,0
BRDA:315,27,0,0
BRDA:315,27,1,0
BRDA:321,28,0,0
BRDA:321,28,1,0
BRDA:322,29,0,0
BRDA:322,29,1,0
BRDA:322,29,2,0
BRDA:331,30,0,0
BRDA:331,30,1,0
BRDA:344,31,0,0
BRDA:344,31,1,0
BRDA:345,32,0,0
BRDA:345,32,1,0
BRDA:351,33,0,0
BRDA:351,33,1,0
BRF:69
BRH:0
end_of_record
TN:
SF:src/screens/auth/OnboardingScreen.tsx
FN:24,(anonymous_0)
FN:26,(anonymous_1)
FN:27,(anonymous_2)
FN:33,(anonymous_3)
FN:44,(anonymous_4)
FN:46,(anonymous_5)
FN:47,(anonymous_6)
FN:47,(anonymous_7)
FN:50,(anonymous_8)
FN:51,(anonymous_9)
FN:51,(anonymous_10)
FN:54,(anonymous_11)
FN:60,(anonymous_12)
FN:69,(anonymous_13)
FN:78,(anonymous_14)
FN:97,(anonymous_15)
FN:122,(anonymous_16)
FN:179,(anonymous_17)
FN:184,(anonymous_18)
FN:231,(anonymous_19)
FN:237,(anonymous_20)
FNF:21
FNH:0
FNDA:0,(anonymous_0)
FNDA:0,(anonymous_1)
FNDA:0,(anonymous_2)
FNDA:0,(anonymous_3)
FNDA:0,(anonymous_4)
FNDA:0,(anonymous_5)
FNDA:0,(anonymous_6)
FNDA:0,(anonymous_7)
FNDA:0,(anonymous_8)
FNDA:0,(anonymous_9)
FNDA:0,(anonymous_10)
FNDA:0,(anonymous_11)
FNDA:0,(anonymous_12)
FNDA:0,(anonymous_13)
FNDA:0,(anonymous_14)
FNDA:0,(anonymous_15)
FNDA:0,(anonymous_16)
FNDA:0,(anonymous_17)
FNDA:0,(anonymous_18)
FNDA:0,(anonymous_19)
FNDA:0,(anonymous_20)
DA:12,0
DA:21,0
DA:24,0
DA:25,0
DA:26,0
DA:27,0
DA:28,0
DA:30,0
DA:33,0
DA:34,0
DA:35,0
DA:36,0
DA:37,0
DA:38,0
DA:39,0
DA:40,0
DA:41,0
DA:43,0
DA:44,0
DA:46,0
DA:47,0
DA:50,0
DA:51,0
DA:54,0
DA:55,0
DA:56,0
DA:57,0
DA:60,0
DA:61,0
DA:62,0
DA:63,0
DA:65,0
DA:69,0
DA:70,0
DA:71,0
DA:72,0
DA:74,0
DA:78,0
DA:79,0
DA:80,0
DA:81,0
DA:82,0
DA:83,0
DA:93,0
DA:94,0
DA:97,0
DA:100,0
DA:102,0
DA:106,0
DA:123,0
DA:180,0
DA:181,0
DA:184,0
DA:232,0
DA:233,0
DA:234,0
DA:237,0
LF:57
LH:0
BRDA:47,0,0,0
BRDA:47,0,1,0
BRDA:51,1,0,0
BRDA:51,1,1,0
BRDA:55,2,0,0
BRDA:55,2,1,0
BRDA:56,3,0,0
BRDA:56,3,1,0
BRDA:61,4,0,0
BRDA:61,4,1,0
BRDA:70,5,0,0
BRDA:70,5,1,0
BRDA:96,6,0,0
BRDA:96,6,1,0
BRDA:129,7,0,0
BRDA:129,7,1,0
BRDA:140,8,0,0
BRDA:140,8,1,0
BRDA:152,9,0,0
BRDA:152,9,1,0
BRDA:170,10,0,0
BRDA:170,10,1,0
BRDA:191,11,0,0
BRDA:191,11,1,0
BRDA:194,12,0,0
BRDA:194,12,1,0
BRDA:195,13,0,0
BRDA:195,13,1,0
BRDA:203,14,0,0
BRDA:203,14,1,0
BRDA:204,15,0,0
BRDA:204,15,1,0
BRDA:217,16,0,0
BRDA:217,16,1,0
BRDA:225,17,0,0
BRDA:225,17,1,0
BRDA:233,18,0,0
BRDA:233,18,1,0
BRDA:249,19,0,0
BRDA:249,19,1,0
BRDA:250,20,0,0
BRDA:250,20,1,0
BRDA:272,21,0,0
BRDA:272,21,1,0
BRDA:283,22,0,0
BRDA:283,22,1,0
BRDA:285,23,0,0
BRDA:285,23,1,0
BRDA:290,24,0,0
BRDA:290,24,1,0
BRDA:301,25,0,0
BRDA:301,25,1,0
BRDA:308,26,0,0
BRDA:308,26,1,0
BRDA:310,27,0,0
BRDA:310,27,1,0
BRDA:330,28,0,0
BRDA:330,28,1,0
BRF:58
BRH:0
end_of_record
TN:
SF:src/screens/habits/CreateEditHabitScreen.tsx
FN:65,(anonymous_0)
FN:79,(anonymous_1)
FN:90,(anonymous_2)
FN:95,(anonymous_3)
FN:98,(anonymous_4)
FN:102,(anonymous_5)
FN:103,(anonymous_6)
FN:103,(anonymous_7)
FN:106,(anonymous_8)
FN:110,(anonymous_9)
FN:154,(anonymous_10)
FN:172,(anonymous_11)
FN:210,(anonymous_12)
FN:216,(anonymous_13)
FN:245,(anonymous_14)
FN:250,(anonymous_15)
FN:277,(anonymous_16)
FN:282,(anonymous_17)
FN:311,(anonymous_18)
FN:316,(anonymous_19)
FN:339,(anonymous_20)
FN:358,(anonymous_21)
FN:382,(anonymous_22)
FN:406,(anonymous_23)
FN:417,(anonymous_24)
FN:420,(anonymous_25)
FN:450,(anonymous_26)
FN:469,(anonymous_27)
FN:519,(anonymous_28)
FNF:29
FNH:0
FNDA:0,(anonymous_0)
FNDA:0,(anonymous_1)
FNDA:0,(anonymous_2)
FNDA:0,(anonymous_3)
FNDA:0,(anonymous_4)
FNDA:0,(anonymous_5)
FNDA:0,(anonymous_6)
FNDA:0,(anonymous_7)
FNDA:0,(anonymous_8)
FNDA:0,(anonymous_9)
FNDA:0,(anonymous_10)
FNDA:0,(anonymous_11)
FNDA:0,(anonymous_12)
FNDA:0,(anonymous_13)
FNDA:0,(anonymous_14)
FNDA:0,(anonymous_15)
FNDA:0,(anonymous_16)
FNDA:0,(anonymous_17)
FNDA:0,(anonymous_18)
FNDA:0,(anonymous_19)
FNDA:0,(anonymous_20)
FNDA:0,(anonymous_21)
FNDA:0,(anonymous_22)
FNDA:0,(anonymous_23)
FNDA:0,(anonymous_24)
FNDA:0,(anonymous_25)
FNDA:0,(anonymous_26)
FNDA:0,(anonymous_27)
FNDA:0,(anonymous_28)
DA:18,0
DA:24,0
DA:52,0
DA:54,0
DA:63,0
DA:65,0
DA:66,0
DA:68,0
DA:71,0
DA:72,0
DA:73,0
DA:75,0
DA:76,0
DA:79,0
DA:80,0
DA:82,0
DA:83,0
DA:84,0
DA:85,0
DA:86,0
DA:87,0
DA:88,0
DA:89,0
DA:90,0
DA:92,0
DA:93,0
DA:95,0
DA:96,0
DA:97,0
DA:98,0
DA:99,0
DA:102,0
DA:103,0
DA:106,0
DA:107,0
DA:110,0
DA:111,0
DA:112,0
DA:113,0
DA:115,0
DA:116,0
DA:117,0
DA:134,0
DA:135,0
DA:136,0
DA:138,0
DA:139,0
DA:142,0
DA:144,0
DA:148,0
DA:150,0
DA:154,0
DA:155,0
DA:156,0
DA:157,0
DA:158,0
DA:159,0
DA:160,0
DA:161,0
DA:162,0
DA:163,0
DA:164,0
DA:165,0
DA:166,0
DA:169,0
DA:172,0
DA:211,0
DA:212,0
DA:213,0
DA:216,0
DA:246,0
DA:247,0
DA:250,0
DA:278,0
DA:279,0
DA:282,0
DA:312,0
DA:313,0
DA:316,0
DA:339,0
DA:358,0
DA:382,0
DA:406,0
DA:418,0
DA:420,0
DA:451,0
DA:469,0
DA:519,0
LF:88
LH:0
BRDA:68,0,0,0
BRDA:68,0,1,0
BRDA:68,0,2,0
BRDA:68,0,3,0
BRDA:71,1,0,0
BRDA:71,1,1,0
BRDA:71,2,0,0
BRDA:71,2,1,0
BRDA:72,3,0,0
BRDA:72,3,1,0
BRDA:73,4,0,0
BRDA:73,4,1,0
BRDA:75,5,0,0
BRDA:75,5,1,0
BRDA:75,5,2,0
BRDA:76,6,0,0
BRDA:76,6,1,0
BRDA:76,6,2,0
BRDA:80,7,0,0
BRDA:80,7,1,0
BRDA:80,8,0,0
BRDA:80,8,1,0
BRDA:82,9,0,0
BRDA:82,9,1,0
BRDA:82,9,2,0
BRDA:83,10,0,0
BRDA:83,10,1,0
BRDA:83,10,2,0
BRDA:84,11,0,0
BRDA:84,11,1,0
BRDA:85,12,0,0
BRDA:85,12,1,0
BRDA:86,13,0,0
BRDA:86,13,1,0
BRDA:90,14,0,0
BRDA:90,14,1,0
BRDA:97,15,0,0
BRDA:97,15,1,0
BRDA:97,16,0,0
BRDA:97,16,1,0
BRDA:111,17,0,0
BRDA:111,17,1,0
BRDA:125,18,0,0
BRDA:125,18,1,0
BRDA:129,19,0,0
BRDA:129,19,1,0
BRDA:134,20,0,0
BRDA:134,20,1,0
BRDA:134,21,0,0
BRDA:134,21,1,0
BRDA:139,22,0,0
BRDA:139,22,1,0
BRDA:142,23,0,0
BRDA:142,23,1,0
BRDA:171,24,0,0
BRDA:171,24,1,0
BRDA:172,25,0,0
BRDA:172,25,1,0
BRDA:212,26,0,0
BRDA:212,26,1,0
BRDA:225,27,0,0
BRDA:225,27,1,0
BRDA:226,28,0,0
BRDA:226,28,1,0
BRDA:234,29,0,0
BRDA:234,29,1,0
BRDA:257,30,0,0
BRDA:257,30,1,0
BRDA:282,31,0,0
BRDA:282,31,1,0
BRDA:290,32,0,0
BRDA:290,32,1,0
BRDA:299,33,0,0
BRDA:299,33,1,0
BRDA:300,34,0,0
BRDA:300,34,1,0
BRDA:302,35,0,0
BRDA:302,35,1,0
BRDA:324,36,0,0
BRDA:324,36,1,0
BRDA:329,37,0,0
BRDA:329,37,1,0
BRDA:347,38,0,0
BRDA:347,38,1,0
BRDA:354,39,0,0
BRDA:354,39,1,0
BRDA:355,40,0,0
BRDA:355,40,1,0
BRDA:366,41,0,0
BRDA:366,41,1,0
BRDA:373,42,0,0
BRDA:373,42,1,0
BRDA:374,43,0,0
BRDA:374,43,1,0
BRDA:403,44,0,0
BRDA:403,44,1,0
BRDA:415,45,0,0
BRDA:415,45,1,0
BRDA:428,46,0,0
BRDA:428,46,1,0
BRDA:433,47,0,0
BRDA:433,47,1,0
BRDA:479,48,0,0
BRDA:479,48,1,0
BRDA:483,49,0,0
BRDA:483,49,1,0
BRDA:505,50,0,0
BRDA:505,50,1,0
BRDA:506,51,0,0
BRDA:506,51,1,0
BRDA:506,52,0,0
BRDA:506,52,1,0
BRDA:506,53,0,0
BRDA:506,53,1,0
BRDA:512,54,0,0
BRDA:512,54,1,0
BRF:116
BRH:0
end_of_record
TN:
SF:src/screens/habits/HabitConfigScreen.tsx
FN:14,(anonymous_0)
FN:26,(anonymous_1)
FN:39,(anonymous_2)
FN:55,(anonymous_3)
FN:57,(anonymous_4)
FN:66,(anonymous_5)
FN:76,(anonymous_6)
FN:90,(anonymous_7)
FN:110,(anonymous_8)
FN:115,(anonymous_9)
FN:136,(anonymous_10)
FN:141,(anonymous_11)
FN:165,(anonymous_12)
FN:170,(anonymous_13)
FN:194,(anonymous_14)
FN:206,(anonymous_15)
FNF:16
FNH:0
FNDA:0,(anonymous_0)
FNDA:0,(anonymous_1)
FNDA:0,(anonymous_2)
FNDA:0,(anonymous_3)
FNDA:0,(anonymous_4)
FNDA:0,(anonymous_5)
FNDA:0,(anonymous_6)
FNDA:0,(anonymous_7)
FNDA:0,(anonymous_8)
FNDA:0,(anonymous_9)
FNDA:0,(anonymous_10)
FNDA:0,(anonymous_11)
FNDA:0,(anonymous_12)
FNDA:0,(anonymous_13)
FNDA:0,(anonymous_14)
FNDA:0,(anonymous_15)
DA:11,0
DA:12,0
DA:14,0
DA:15,0
DA:24,0
DA:26,0
DA:27,0
DA:36,0
DA:39,0
DA:40,0
DA:41,0
DA:43,0
DA:55,0
DA:56,0
DA:57,0
DA:66,0
DA:67,0
DA:68,0
DA:75,0
DA:76,0
DA:79,0
DA:83,0
DA:90,0
DA:111,0
DA:112,0
DA:115,0
DA:137,0
DA:138,0
DA:141,0
DA:165,0
DA:170,0
DA:194,0
DA:206,0
LF:33
LH:0
BRDA:24,0,0,0
BRDA:24,0,1,0
BRDA:36,1,0,0
BRDA:36,1,1,0
BRDA:44,2,0,0
BRDA:44,2,1,0
BRDA:45,3,0,0
BRDA:45,3,1,0
BRDA:48,4,0,0
BRDA:48,4,1,0
BRDA:49,5,0,0
BRDA:49,5,1,0
BRDA:56,6,0,0
BRDA:56,6,1,0
BRDA:70,7,0,0
BRDA:70,7,1,0
BRDA:85,8,0,0
BRDA:85,8,1,0
BRDA:123,9,0,0
BRDA:123,9,1,0
BRDA:128,10,0,0
BRDA:128,10,1,0
BRDA:149,11,0,0
BRDA:149,11,1,0
BRDA:154,12,0,0
BRDA:154,12,1,0
BRDA:165,13,0,0
BRDA:165,13,1,0
BRF:28
BRH:0
end_of_record
TN:
SF:src/screens/habits/HabitDetailsScreen.tsx
FN:15,(anonymous_0)
FN:40,(anonymous_1)
FN:57,(anonymous_2)
FN:60,(anonymous_3)
FN:69,(anonymous_4)
FN:85,(anonymous_5)
FN:87,(anonymous_6)
FN:99,(anonymous_7)
FN:102,(anonymous_8)
FN:109,(anonymous_9)
FN:113,(anonymous_10)
FN:114,(anonymous_11)
FN:115,(anonymous_12)
FN:124,(anonymous_13)
FN:129,(anonymous_14)
FN:136,(anonymous_15)
FN:149,(anonymous_16)
FN:150,(anonymous_17)
FN:152,(anonymous_18)
FN:160,(anonymous_19)
FN:164,(anonymous_20)
FN:173,(anonymous_21)
FN:188,(anonymous_22)
FN:191,(anonymous_23)
FN:197,(anonymous_24)
FN:208,(anonymous_25)
FN:218,(anonymous_26)
FN:247,(anonymous_27)
FN:282,(anonymous_28)
FN:319,(anonymous_29)
FN:492,(anonymous_30)
FN:576,(anonymous_31)
FN:581,(anonymous_32)
FN:641,(anonymous_33)
FNF:34
FNH:0
FNDA:0,(anonymous_0)
FNDA:0,(anonymous_1)
FNDA:0,(anonymous_2)
FNDA:0,(anonymous_3)
FNDA:0,(anonymous_4)
FNDA:0,(anonymous_5)
FNDA:0,(anonymous_6)
FNDA:0,(anonymous_7)
FNDA:0,(anonymous_8)
FNDA:0,(anonymous_9)
FNDA:0,(anonymous_10)
FNDA:0,(anonymous_11)
FNDA:0,(anonymous_12)
FNDA:0,(anonymous_13)
FNDA:0,(anonymous_14)
FNDA:0,(anonymous_15)
FNDA:0,(anonymous_16)
FNDA:0,(anonymous_17)
FNDA:0,(anonymous_18)
FNDA:0,(anonymous_19)
FNDA:0,(anonymous_20)
FNDA:0,(anonymous_21)
FNDA:0,(anonymous_22)
FNDA:0,(anonymous_23)
FNDA:0,(anonymous_24)
FNDA:0,(anonymous_25)
FNDA:0,(anonymous_26)
FNDA:0,(anonymous_27)
FNDA:0,(anonymous_28)
FNDA:0,(anonymous_29)
FNDA:0,(anonymous_30)
FNDA:0,(anonymous_31)
FNDA:0,(anonymous_32)
FNDA:0,(anonymous_33)
DA:15,0
DA:16,0
DA:17,0
DA:18,0
DA:19,0
DA:20,0
DA:21,0
DA:22,0
DA:23,0
DA:24,0
DA:25,0
DA:26,0
DA:27,0
DA:37,0
DA:40,0
DA:41,0
DA:42,0
DA:43,0
DA:45,0
DA:46,0
DA:47,0
DA:48,0
DA:49,0
DA:50,0
DA:53,0
DA:55,0
DA:57,0
DA:58,0
DA:59,0
DA:60,0
DA:63,0
DA:64,0
DA:66,0
DA:69,0
DA:70,0
DA:77,0
DA:78,0
DA:82,0
DA:83,0
DA:85,0
DA:86,0
DA:87,0
DA:88,0
DA:89,0
DA:90,0
DA:91,0
DA:92,0
DA:93,0
DA:95,0
DA:99,0
DA:102,0
DA:103,0
DA:104,0
DA:105,0
DA:107,0
DA:108,0
DA:109,0
DA:110,0
DA:111,0
DA:113,0
DA:114,0
DA:115,0
DA:119,0
DA:121,0
DA:124,0
DA:125,0
DA:129,0
DA:130,0
DA:136,0
DA:137,0
DA:138,0
DA:139,0
DA:140,0
DA:141,0
DA:142,0
DA:143,0
DA:144,0
DA:146,0
DA:149,0
DA:150,0
DA:152,0
DA:153,0
DA:154,0
DA:155,0
DA:156,0
DA:160,0
DA:161,0
DA:164,0
DA:165,0
DA:174,0
DA:175,0
DA:176,0
DA:177,0
DA:179,0
DA:180,0
DA:188,0
DA:189,0
DA:191,0
DA:197,0
DA:198,0
DA:199,0
DA:200,0
DA:201,0
DA:202,0
DA:204,0
DA:208,0
DA:209,0
DA:213,0
DA:214,0
DA:218,0
DA:242,0
DA:243,0
DA:247,0
DA:282,0
DA:288,0
DA:319,0
DA:494,0
DA:499,0
DA:577,0
DA:578,0
DA:581,0
DA:642,0
LF:122
LH:0
BRDA:15,0,0,0
BRDA:55,1,0,0
BRDA:55,1,1,0
BRDA:59,2,0,0
BRDA:59,2,1,0
BRDA:73,3,0,0
BRDA:73,3,1,0
BRDA:82,4,0,0
BRDA:82,4,1,0
BRDA:83,5,0,0
BRDA:83,5,1,0
BRDA:83,6,0,0
BRDA:83,6,1,0
BRDA:83,7,0,0
BRDA:83,7,1,0
BRDA:102,8,0,0
BRDA:102,8,1,0
BRDA:103,9,0,0
BRDA:103,9,1,0
BRDA:104,10,0,0
BRDA:104,10,1,0
BRDA:110,11,0,0
BRDA:110,11,1,0
BRDA:113,12,0,0
BRDA:113,12,1,0
BRDA:119,13,0,0
BRDA:119,13,1,0
BRDA:121,14,0,0
BRDA:121,14,1,0
BRDA:137,15,0,0
BRDA:137,15,1,0
BRDA:138,16,0,0
BRDA:138,16,1,0
BRDA:139,17,0,0
BRDA:139,17,1,0
BRDA:140,18,0,0
BRDA:140,18,1,0
BRDA:141,19,0,0
BRDA:141,19,1,0
BRDA:142,20,0,0
BRDA:142,20,1,0
BRDA:167,21,0,0
BRDA:167,21,1,0
BRDA:189,22,0,0
BRDA:189,22,1,0
BRDA:198,23,0,0
BRDA:198,23,1,0
BRDA:213,24,0,0
BRDA:213,24,1,0
BRDA:242,25,0,0
BRDA:242,25,1,0
BRDA:242,26,0,0
BRDA:242,26,1,0
BRDA:327,27,0,0
BRDA:327,27,1,0
BRDA:344,28,0,0
BRDA:344,28,1,0
BRDA:362,29,0,0
BRDA:362,29,1,0
BRDA:365,30,0,0
BRDA:365,30,1,0
BRDA:408,31,0,0
BRDA:408,31,1,0
BRDA:408,32,0,0
BRDA:408,32,1,0
BRDA:409,33,0,0
BRDA:409,33,1,0
BRDA:419,34,0,0
BRDA:419,34,1,0
BRDA:421,35,0,0
BRDA:421,35,1,0
BRDA:423,36,0,0
BRDA:423,36,1,0
BRDA:429,37,0,0
BRDA:429,37,1,0
BRDA:430,38,0,0
BRDA:430,38,1,0
BRDA:431,39,0,0
BRDA:431,39,1,0
BRDA:431,40,0,0
BRDA:431,40,1,0
BRDA:444,41,0,0
BRDA:444,41,1,0
BRDA:476,42,0,0
BRDA:476,42,1,0
BRDA:494,43,0,0
BRDA:494,43,1,0
BRDA:496,44,0,0
BRDA:496,44,1,0
BRDA:555,45,0,0
BRDA:555,45,1,0
BRDA:560,46,0,0
BRDA:560,46,1,0
BRDA:598,47,0,0
BRDA:598,47,1,0
BRDA:599,48,0,0
BRDA:599,48,1,0
BRDA:604,49,0,0
BRDA:604,49,1,0
BRDA:609,50,0,0
BRDA:609,50,1,0
BRDA:611,51,0,0
BRDA:611,51,1,0
BRDA:636,52,0,0
BRDA:636,52,1,0
BRDA:645,53,0,0
BRDA:645,53,1,0
BRDA:646,54,0,0
BRDA:646,54,1,0
BRDA:648,55,0,0
BRDA:648,55,1,0
BRDA:666,56,0,0
BRDA:666,56,1,0
BRF:113
BRH:0
end_of_record
TN:
SF:src/screens/habits/HabitEditScreen.tsx
FN:39,(anonymous_0)
FN:48,(anonymous_1)
FN:68,(anonymous_2)
FN:74,(anonymous_3)
FN:90,(anonymous_4)
FN:100,(anonymous_5)
FN:107,(anonymous_6)
FN:114,(anonymous_7)
FN:120,(anonymous_8)
FN:148,(anonymous_9)
FN:153,(anonymous_10)
FN:179,(anonymous_11)
FN:184,(anonymous_12)
FN:211,(anonymous_13)
FNF:14
FNH:0
FNDA:0,(anonymous_0)
FNDA:0,(anonymous_1)
FNDA:0,(anonymous_2)
FNDA:0,(anonymous_3)
FNDA:0,(anonymous_4)
FNDA:0,(anonymous_5)
FNDA:0,(anonymous_6)
FNDA:0,(anonymous_7)
FNDA:0,(anonymous_8)
FNDA:0,(anonymous_9)
FNDA:0,(anonymous_10)
FNDA:0,(anonymous_11)
FNDA:0,(anonymous_12)
FNDA:0,(anonymous_13)
DA:12,0
DA:18,0
DA:39,0
DA:40,0
DA:41,0
DA:42,0
DA:43,0
DA:46,0
DA:48,0
DA:49,0
DA:50,0
DA:51,0
DA:52,0
DA:60,0
DA:62,0
DA:64,0
DA:68,0
DA:69,0
DA:75,0
DA:76,0
DA:77,0
DA:78,0
DA:80,0
DA:87,0
DA:90,0
DA:100,0
DA:107,0
DA:115,0
DA:116,0
DA:117,0
DA:120,0
DA:149,0
DA:150,0
DA:153,0
DA:180,0
DA:181,0
DA:184,0
DA:211,0
LF:38
LH:0
BRDA:89,0,0,0
BRDA:89,0,1,0
BRDA:106,1,0,0
BRDA:106,1,1,0
BRDA:116,2,0,0
BRDA:116,2,1,0
BRDA:129,3,0,0
BRDA:129,3,1,0
BRDA:130,4,0,0
BRDA:130,4,1,0
BRDA:138,5,0,0
BRDA:138,5,1,0
BRDA:138,6,0,0
BRDA:138,6,1,0
BRDA:160,7,0,0
BRDA:160,7,1,0
BRDA:192,8,0,0
BRDA:192,8,1,0
BRDA:197,9,0,0
BRDA:197,9,1,0
BRF:20
BRH:0
end_of_record
TN:
SF:src/screens/habits/HabitNotificationSettingsScreen.tsx
FN:10,(anonymous_0)
FN:21,(anonymous_1)
FN:36,(anonymous_2)
FN:38,(anonymous_3)
FN:51,(anonymous_4)
FN:56,(anonymous_5)
FN:67,(anonymous_6)
FN:85,(anonymous_7)
FN:121,(anonymous_8)
FN:146,(anonymous_9)
FN:168,(anonymous_10)
FN:186,(anonymous_11)
FN:187,(anonymous_12)
FN:203,(anonymous_13)
FNF:14
FNH:0
FNDA:0,(anonymous_0)
FNDA:0,(anonymous_1)
FNDA:0,(anonymous_2)
FNDA:0,(anonymous_3)
FNDA:0,(anonymous_4)
FNDA:0,(anonymous_5)
FNDA:0,(anonymous_6)
FNDA:0,(anonymous_7)
FNDA:0,(anonymous_8)
FNDA:0,(anonymous_9)
FNDA:0,(anonymous_10)
FNDA:0,(anonymous_11)
FNDA:0,(anonymous_12)
FNDA:0,(anonymous_13)
DA:10,0
DA:11,0
DA:12,0
DA:13,0
DA:14,0
DA:16,0
DA:17,0
DA:18,0
DA:19,0
DA:21,0
DA:22,0
DA:23,0
DA:24,0
DA:25,0
DA:26,0
DA:27,0
DA:28,0
DA:30,0
DA:32,0
DA:36,0
DA:38,0
DA:39,0
DA:40,0
DA:41,0
DA:42,0
DA:43,0
DA:45,0
DA:47,0
DA:51,0
DA:53,0
DA:54,0
DA:56,0
DA:64,0
DA:65,0
DA:67,0
DA:75,0
DA:76,0
DA:77,0
DA:79,0
DA:85,0
DA:121,0
DA:146,0
DA:169,0
DA:187,0
DA:188,0
DA:204,0
DA:205,0
DA:206,0
DA:208,0
LF:49
LH:0
BRDA:39,0,0,0
BRDA:39,0,1,0
BRDA:53,1,0,0
BRDA:53,1,1,0
BRDA:64,2,0,0
BRDA:64,2,1,0
BRDA:64,3,0,0
BRDA:64,3,1,0
BRDA:75,4,0,0
BRDA:75,4,1,0
BRDA:76,5,0,0
BRDA:76,5,1,0
BRDA:77,6,0,0
BRDA:77,6,1,0
BRDA:116,7,0,0
BRDA:116,7,1,0
BRDA:165,8,0,0
BRDA:165,8,1,0
BRDA:176,9,0,0
BRDA:176,9,1,0
BRDA:204,10,0,0
BRDA:204,10,1,0
BRF:22
BRH:0
end_of_record
TN:
SF:src/screens/habits/HabitTemplatesScreen.tsx
FN:12,(anonymous_0)
FN:15,(anonymous_1)
FN:17,(anonymous_2)
FN:40,(anonymous_3)
FN:43,(anonymous_4)
FN:71,(anonymous_5)
FN:76,(anonymous_6)
FN:114,(anonymous_7)
FN:117,(anonymous_8)
FN:120,(anonymous_9)
FNF:10
FNH:0
FNDA:0,(anonymous_0)
FNDA:0,(anonymous_1)
FNDA:0,(anonymous_2)
FNDA:0,(anonymous_3)
FNDA:0,(anonymous_4)
FNDA:0,(anonymous_5)
FNDA:0,(anonymous_6)
FNDA:0,(anonymous_7)
FNDA:0,(anonymous_8)
FNDA:0,(anonymous_9)
DA:12,0
DA:13,0
DA:14,0
DA:15,0
DA:17,0
DA:18,0
DA:32,0
DA:34,0
DA:40,0
DA:43,0
DA:72,0
DA:73,0
DA:76,0
DA:114,0
DA:118,0
DA:120,0
LF:16
LH:0
BRDA:78,0,0,0
BRDA:78,0,1,0
BRDA:87,1,0,0
BRDA:87,1,1,0
BRDA:93,2,0,0
BRDA:93,2,1,0
BRDA:94,3,0,0
BRDA:94,3,1,0
BRDA:96,4,0,0
BRDA:96,4,1,0
BRDA:105,5,0,0
BRDA:105,5,1,0
BRF:12
BRH:0
end_of_record
TN:
SF:src/screens/habits/HabitTimerScreen.tsx
FN:21,(anonymous_0)
FN:27,(anonymous_1)
FN:38,(anonymous_2)
FN:49,(anonymous_3)
FN:50,(anonymous_4)
FN:52,(anonymous_5)
FN:53,(anonymous_6)
FN:63,(anonymous_7)
FN:68,(anonymous_8)
FN:72,(anonymous_9)
FN:80,(anonymous_10)
FN:84,(anonymous_11)
FN:89,(anonymous_12)
FN:100,(anonymous_13)
FN:137,(anonymous_14)
FN:154,(anonymous_15)
FNF:16
FNH:0
FNDA:0,(anonymous_0)
FNDA:0,(anonymous_1)
FNDA:0,(anonymous_2)
FNDA:0,(anonymous_3)
FNDA:0,(anonymous_4)
FNDA:0,(anonymous_5)
FNDA:0,(anonymous_6)
FNDA:0,(anonymous_7)
FNDA:0,(anonymous_8)
FNDA:0,(anonymous_9)
FNDA:0,(anonymous_10)
FNDA:0,(anonymous_11)
FNDA:0,(anonymous_12)
FNDA:0,(anonymous_13)
FNDA:0,(anonymous_14)
FNDA:0,(anonymous_15)
DA:18,0
DA:19,0
DA:21,0
DA:22,0
DA:23,0
DA:24,0
DA:27,0
DA:28,0
DA:29,0
DA:30,0
DA:32,0
DA:33,0
DA:34,0
DA:35,0
DA:36,0
DA:38,0
DA:39,0
DA:40,0
DA:41,0
DA:42,0
DA:43,0
DA:44,0
DA:49,0
DA:50,0
DA:52,0
DA:53,0
DA:54,0
DA:55,0
DA:56,0
DA:57,0
DA:59,0
DA:60,0
DA:62,0
DA:63,0
DA:64,0
DA:68,0
DA:69,0
DA:72,0
DA:73,0
DA:74,0
DA:76,0
DA:80,0
DA:81,0
DA:84,0
DA:85,0
DA:86,0
DA:89,0
DA:90,0
DA:91,0
DA:92,0
DA:98,0
DA:99,0
DA:100,0
DA:103,0
DA:107,0
DA:108,0
DA:109,0
DA:111,0
DA:112,0
DA:114,0
DA:137,0
DA:154,0
LF:62
LH:0
BRDA:41,0,0,0
BRDA:41,0,1,0
BRDA:43,1,0,0
BRDA:43,1,1,0
BRDA:43,2,0,0
BRDA:43,2,1,0
BRDA:54,3,0,0
BRDA:54,3,1,0
BRDA:60,4,0,0
BRDA:60,4,1,0
BRDA:108,5,0,0
BRDA:108,5,1,0
BRDA:109,6,0,0
BRDA:109,6,1,0
BRDA:111,7,0,0
BRDA:111,7,1,0
BRDA:112,8,0,0
BRDA:112,8,1,0
BRDA:125,9,0,0
BRDA:125,9,1,0
BRDA:126,10,0,0
BRDA:126,10,1,0
BRDA:145,11,0,0
BRDA:145,11,1,0
BRDA:150,12,0,0
BRDA:150,12,1,0
BRDA:162,13,0,0
BRDA:162,13,1,0
BRDA:167,14,0,0
BRDA:167,14,1,0
BRDA:181,15,0,0
BRDA:181,15,1,0
BRDA:182,16,0,0
BRDA:182,16,1,0
BRDA:196,17,0,0
BRDA:196,17,1,0
BRDA:216,18,0,0
BRDA:216,18,1,0
BRDA:269,19,0,0
BRDA:269,19,1,0
BRDA:274,20,0,0
BRDA:274,20,1,0
BRDA:278,21,0,0
BRDA:278,21,1,0
BRDA:280,22,0,0
BRDA:280,22,1,0
BRDA:299,23,0,0
BRDA:299,23,1,0
BRDA:310,24,0,0
BRDA:310,24,1,0
BRDA:315,25,0,0
BRDA:315,25,1,0
BRF:52
BRH:0
end_of_record
TN:
SF:src/screens/premium/AchievementsScreen.tsx
FN:9,(anonymous_0)
FN:40,(anonymous_1)
FN:62,(anonymous_2)
FN:73,(anonymous_3)
FN:82,(anonymous_4)
FN:101,(anonymous_5)
FN:103,(anonymous_6)
FN:110,(anonymous_7)
FN:112,(anonymous_8)
FN:174,(anonymous_9)
FN:175,(anonymous_10)
FN:176,(anonymous_11)
FN:197,(anonymous_12)
FN:213,(anonymous_13)
FN:214,(anonymous_14)
FN:261,(anonymous_15)
FN:276,(anonymous_16)
FN:277,(anonymous_17)
FNF:18
FNH:0
FNDA:0,(anonymous_0)
FNDA:0,(anonymous_1)
FNDA:0,(anonymous_2)
FNDA:0,(anonymous_3)
FNDA:0,(anonymous_4)
FNDA:0,(anonymous_5)
FNDA:0,(anonymous_6)
FNDA:0,(anonymous_7)
FNDA:0,(anonymous_8)
FNDA:0,(anonymous_9)
FNDA:0,(anonymous_10)
FNDA:0,(anonymous_11)
FNDA:0,(anonymous_12)
FNDA:0,(anonymous_13)
FNDA:0,(anonymous_14)
FNDA:0,(anonymous_15)
FNDA:0,(anonymous_16)
FNDA:0,(anonymous_17)
DA:9,0
DA:10,0
DA:11,0
DA:12,0
DA:13,0
DA:14,0
DA:15,0
DA:16,0
DA:17,0
DA:18,0
DA:19,0
DA:20,0
DA:21,0
DA:27,0
DA:40,0
DA:41,0
DA:42,0
DA:62,0
DA:63,0
DA:64,0
DA:65,0
DA:66,0
DA:67,0
DA:68,0
DA:69,0
DA:70,0
DA:71,0
DA:73,0
DA:74,0
DA:75,0
DA:76,0
DA:77,0
DA:78,0
DA:79,0
DA:80,0
DA:81,0
DA:82,0
DA:86,0
DA:91,0
DA:92,0
DA:93,0
DA:96,0
DA:97,0
DA:101,0
DA:103,0
DA:104,0
DA:105,0
DA:109,0
DA:110,0
DA:112,0
DA:115,0
DA:116,0
DA:117,0
DA:122,0
DA:123,0
DA:126,0
DA:127,0
DA:129,0
DA:174,0
DA:175,0
DA:176,0
DA:197,0
DA:213,0
DA:215,0
DA:216,0
DA:261,0
DA:276,0
DA:280,0
DA:281,0
DA:282,0
DA:283,0
DA:284,0
LF:72
LH:0
BRDA:52,0,0,0
BRDA:52,0,1,0
BRDA:57,1,0,0
BRDA:57,1,1,0
BRDA:78,2,0,0
BRDA:78,2,1,0
BRDA:80,3,0,0
BRDA:80,3,1,0
BRDA:91,4,0,0
BRDA:91,4,1,0
BRDA:92,5,0,0
BRDA:92,5,1,0
BRDA:109,6,0,0
BRDA:109,6,1,0
BRDA:111,7,0,0
BRDA:111,7,1,0
BRDA:116,8,0,0
BRDA:116,8,1,0
BRDA:117,9,0,0
BRDA:117,9,1,0
BRDA:122,10,0,0
BRDA:122,10,1,0
BRDA:133,11,0,0
BRDA:133,11,1,0
BRDA:146,12,0,0
BRDA:146,12,1,0
BRDA:154,13,0,0
BRDA:154,13,1,0
BRDA:156,14,0,0
BRDA:156,14,1,0
BRDA:158,15,0,0
BRDA:158,15,1,0
BRDA:179,16,0,0
BRDA:179,16,1,0
BRDA:183,17,0,0
BRDA:183,17,1,0
BRDA:196,18,0,0
BRDA:196,18,1,0
BRDA:196,18,2,0
BRDA:215,19,0,0
BRDA:215,19,1,0
BRDA:246,20,0,0
BRDA:246,20,1,0
BRDA:249,21,0,0
BRDA:249,21,1,0
BRDA:260,22,0,0
BRDA:260,22,1,0
BRDA:260,22,2,0
BRDA:280,23,0,0
BRDA:280,23,1,0
BRDA:281,24,0,0
BRDA:281,24,1,0
BRDA:282,25,0,0
BRDA:282,25,1,0
BRDA:283,26,0,0
BRDA:283,26,1,0
BRDA:311,27,0,0
BRDA:311,27,1,0
BRDA:318,28,0,0
BRDA:318,28,1,0
BRF:60
BRH:0
end_of_record
TN:
SF:src/screens/settings/DataManagement.tsx
FN:17,(anonymous_0)
FN:23,(anonymous_1)
FN:37,(anonymous_2)
FN:39,(anonymous_3)
FN:42,(anonymous_4)
FN:43,(anonymous_5)
FN:47,(anonymous_6)
FN:64,(anonymous_7)
FN:70,(anonymous_8)
FN:88,(anonymous_9)
FN:173,(anonymous_10)
FNF:11
FNH:0
FNDA:0,(anonymous_0)
FNDA:0,(anonymous_1)
FNDA:0,(anonymous_2)
FNDA:0,(anonymous_3)
FNDA:0,(anonymous_4)
FNDA:0,(anonymous_5)
FNDA:0,(anonymous_6)
FNDA:0,(anonymous_7)
FNDA:0,(anonymous_8)
FNDA:0,(anonymous_9)
FNDA:0,(anonymous_10)
DA:17,0
DA:18,0
DA:19,0
DA:20,0
DA:21,0
DA:23,0
DA:24,0
DA:25,0
DA:26,0
DA:27,0
DA:28,0
DA:29,0
DA:30,0
DA:31,0
DA:33,0
DA:37,0
DA:39,0
DA:40,0
DA:42,0
DA:43,0
DA:47,0
DA:48,0
DA:49,0
DA:50,0
DA:51,0
DA:52,0
DA:53,0
DA:55,0
DA:58,0
DA:60,0
DA:64,0
DA:65,0
DA:71,0
DA:72,0
DA:73,0
DA:74,0
DA:75,0
DA:76,0
DA:77,0
DA:79,0
DA:86,0
DA:88,0
DA:173,0
LF:43
LH:0
BRDA:31,0,0,0
BRDA:31,0,1,0
BRDA:50,1,0,0
BRDA:50,1,1,0
BRDA:51,2,0,0
BRDA:51,2,1,0
BRDA:93,3,0,0
BRDA:93,3,1,0
BRDA:123,4,0,0
BRDA:123,4,1,0
BRF:10
BRH:0
end_of_record
TN:
SF:src/screens/settings/DeveloperToolsScreen.tsx
FN:11,(anonymous_0)
FN:17,(anonymous_1)
FN:24,(anonymous_2)
FN:26,(anonymous_3)
FN:32,(anonymous_4)
FN:37,(anonymous_5)
FN:53,(anonymous_6)
FN:59,(anonymous_7)
FN:77,(anonymous_8)
FNF:9
FNH:0
FNDA:0,(anonymous_0)
FNDA:0,(anonymous_1)
FNDA:0,(anonymous_2)
FNDA:0,(anonymous_3)
FNDA:0,(anonymous_4)
FNDA:0,(anonymous_5)
FNDA:0,(anonymous_6)
FNDA:0,(anonymous_7)
FNDA:0,(anonymous_8)
DA:11,0
DA:12,0
DA:13,0
DA:14,0
DA:15,0
DA:17,0
DA:18,0
DA:19,0
DA:20,0
DA:24,0
DA:26,0
DA:27,0
DA:28,0
DA:29,0
DA:32,0
DA:33,0
DA:38,0
DA:39,0
DA:40,0
DA:41,0
DA:42,0
DA:44,0
DA:46,0
DA:53,0
DA:54,0
DA:60,0
DA:61,0
DA:62,0
DA:63,0
DA:64,0
DA:66,0
DA:68,0
DA:75,0
DA:77,0
LF:34
LH:0
BRDA:100,0,0,0
BRDA:100,0,1,0
BRDA:101,1,0,0
BRDA:101,1,1,0
BRF:4
BRH:0
end_of_record
TN:
SF:src/screens/settings/NotificationSettings.tsx
FN:47,(anonymous_0)
FN:79,(anonymous_1)
FN:84,(anonymous_2)
FN:95,(anonymous_3)
FN:97,(anonymous_4)
FN:99,(anonymous_5)
FN:102,(anonymous_6)
FN:112,(anonymous_7)
FN:127,(anonymous_8)
FN:148,(anonymous_9)
FN:155,(anonymous_10)
FN:156,(anonymous_11)
FN:157,(anonymous_12)
FN:162,(anonymous_13)
FN:163,(anonymous_14)
FN:168,(anonymous_15)
FN:173,(anonymous_16)
FN:174,(anonymous_17)
FN:183,(anonymous_18)
FNF:19
FNH:0
FNDA:0,(anonymous_0)
FNDA:0,(anonymous_1)
FNDA:0,(anonymous_2)
FNDA:0,(anonymous_3)
FNDA:0,(anonymous_4)
FNDA:0,(anonymous_5)
FNDA:0,(anonymous_6)
FNDA:0,(anonymous_7)
FNDA:0,(anonymous_8)
FNDA:0,(anonymous_9)
FNDA:0,(anonymous_10)
FNDA:0,(anonymous_11)
FNDA:0,(anonymous_12)
FNDA:0,(anonymous_13)
FNDA:0,(anonymous_14)
FNDA:0,(anonymous_15)
FNDA:0,(anonymous_16)
FNDA:0,(anonymous_17)
FNDA:0,(anonymous_18)
DA:24,0
DA:47,0
DA:48,0
DA:49,0
DA:79,0
DA:80,0
DA:81,0
DA:82,0
DA:84,0
DA:85,0
DA:86,0
DA:87,0
DA:89,0
DA:90,0
DA:91,0
DA:95,0
DA:97,0
DA:98,0
DA:99,0
DA:102,0
DA:103,0
DA:104,0
DA:105,0
DA:106,0
DA:107,0
DA:112,0
DA:113,0
DA:114,0
DA:119,0
DA:123,0
DA:125,0
DA:127,0
DA:148,0
DA:155,0
DA:156,0
DA:157,0
DA:162,0
DA:163,0
DA:168,0
DA:173,0
DA:174,0
DA:183,0
LF:42
LH:0
BRDA:57,0,0,0
BRDA:57,0,1,0
BRDA:59,1,0,0
BRDA:59,1,1,0
BRDA:67,2,0,0
BRDA:67,2,1,0
BRDA:87,3,0,0
BRDA:87,3,1,0
BRDA:106,4,0,0
BRDA:106,4,1,0
BRDA:123,5,0,0
BRDA:123,5,1,0
BRDA:129,6,0,0
BRDA:129,6,1,0
BRF:14
BRH:0
end_of_record
TN:
SF:src/screens/settings/NotificationSettingsScreen.tsx
FN:8,(anonymous_0)
FNF:1
FNH:0
FNDA:0,(anonymous_0)
DA:8,0
DA:9,0
LF:2
LH:0
BRF:0
BRH:0
end_of_record
TN:
SF:src/screens/settings/PrivacySecurity.tsx
FN:41,(anonymous_0)
FN:89,(anonymous_1)
FN:96,(anonymous_2)
FN:103,(anonymous_3)
FN:105,(anonymous_4)
FN:117,(anonymous_5)
FN:120,(anonymous_6)
FN:123,(anonymous_7)
FN:137,(anonymous_8)
FN:143,(anonymous_9)
FN:155,(anonymous_10)
FN:164,(anonymous_11)
FN:172,(anonymous_12)
FN:196,(anonymous_13)
FN:202,(anonymous_14)
FN:214,(anonymous_15)
FN:220,(anonymous_16)
FN:227,(anonymous_17)
FN:228,(anonymous_18)
FN:240,(anonymous_19)
FNF:20
FNH:0
FNDA:0,(anonymous_0)
FNDA:0,(anonymous_1)
FNDA:0,(anonymous_2)
FNDA:0,(anonymous_3)
FNDA:0,(anonymous_4)
FNDA:0,(anonymous_5)
FNDA:0,(anonymous_6)
FNDA:0,(anonymous_7)
FNDA:0,(anonymous_8)
FNDA:0,(anonymous_9)
FNDA:0,(anonymous_10)
FNDA:0,(anonymous_11)
FNDA:0,(anonymous_12)
FNDA:0,(anonymous_13)
FNDA:0,(anonymous_14)
FNDA:0,(anonymous_15)
FNDA:0,(anonymous_16)
FNDA:0,(anonymous_17)
FNDA:0,(anonymous_18)
FNDA:0,(anonymous_19)
DA:21,0
DA:41,0
DA:42,0
DA:44,0
DA:80,0
DA:89,0
DA:90,0
DA:91,0
DA:92,0
DA:93,0
DA:94,0
DA:96,0
DA:97,0
DA:98,0
DA:99,0
DA:103,0
DA:104,0
DA:105,0
DA:106,0
DA:107,0
DA:108,0
DA:109,0
DA:110,0
DA:111,0
DA:112,0
DA:117,0
DA:118,0
DA:119,0
DA:120,0
DA:123,0
DA:124,0
DA:125,0
DA:126,0
DA:130,0
DA:133,0
DA:137,0
DA:138,0
DA:144,0
DA:145,0
DA:146,0
DA:148,0
DA:155,0
DA:156,0
DA:164,0
DA:170,0
DA:172,0
DA:196,0
DA:202,0
DA:214,0
DA:220,0
DA:227,0
DA:228,0
DA:240,0
DA:241,0
DA:242,0
LF:55
LH:0
BRDA:51,0,0,0
BRDA:51,0,1,0
BRDA:65,1,0,0
BRDA:65,1,1,0
BRDA:68,2,0,0
BRDA:68,2,1,0
BRDA:71,3,0,0
BRDA:71,3,1,0
BRDA:73,4,0,0
BRDA:73,4,1,0
BRDA:75,5,0,0
BRDA:75,5,1,0
BRDA:80,6,0,0
BRDA:80,6,1,0
BRDA:99,7,0,0
BRDA:99,7,1,0
BRDA:109,8,0,0
BRDA:109,8,1,0
BRDA:111,9,0,0
BRDA:111,9,1,0
BRDA:112,10,0,0
BRDA:112,10,1,0
BRDA:124,11,0,0
BRDA:124,11,1,0
BRDA:124,12,0,0
BRDA:124,12,1,0
BRDA:130,13,0,0
BRDA:130,13,1,0
BRDA:182,14,0,0
BRDA:182,14,1,0
BRDA:184,15,0,0
BRDA:184,15,1,0
BRF:32
BRH:0
end_of_record
TN:
SF:src/screens/settings/ProfileScreen.tsx
FN:37,(anonymous_0)
FN:56,(anonymous_1)
FN:63,(anonymous_2)
FN:68,(anonymous_3)
FN:69,(anonymous_4)
FN:70,(anonymous_5)
FN:79,(anonymous_6)
FN:80,(anonymous_7)
FN:89,(anonymous_8)
FN:95,(anonymous_9)
FN:96,(anonymous_10)
FN:97,(anonymous_11)
FN:103,(anonymous_12)
FN:104,(anonymous_13)
FN:110,(anonymous_14)
FN:111,(anonymous_15)
FN:120,(anonymous_16)
FN:126,(anonymous_17)
FN:128,(anonymous_18)
FN:195,(anonymous_19)
FN:200,(anonymous_20)
FN:216,(anonymous_21)
FN:222,(anonymous_22)
FNF:23
FNH:0
FNDA:0,(anonymous_0)
FNDA:0,(anonymous_1)
FNDA:0,(anonymous_2)
FNDA:0,(anonymous_3)
FNDA:0,(anonymous_4)
FNDA:0,(anonymous_5)
FNDA:0,(anonymous_6)
FNDA:0,(anonymous_7)
FNDA:0,(anonymous_8)
FNDA:0,(anonymous_9)
FNDA:0,(anonymous_10)
FNDA:0,(anonymous_11)
FNDA:0,(anonymous_12)
FNDA:0,(anonymous_13)
FNDA:0,(anonymous_14)
FNDA:0,(anonymous_15)
FNDA:0,(anonymous_16)
FNDA:0,(anonymous_17)
FNDA:0,(anonymous_18)
FNDA:0,(anonymous_19)
FNDA:0,(anonymous_20)
FNDA:0,(anonymous_21)
FNDA:0,(anonymous_22)
DA:14,0
DA:37,0
DA:38,0
DA:39,0
DA:40,0
DA:56,0
DA:57,0
DA:58,0
DA:59,0
DA:60,0
DA:61,0
DA:63,0
DA:64,0
DA:65,0
DA:66,0
DA:67,0
DA:68,0
DA:69,0
DA:70,0
DA:71,0
DA:73,0
DA:75,0
DA:79,0
DA:80,0
DA:82,0
DA:83,0
DA:85,0
DA:89,0
DA:95,0
DA:96,0
DA:97,0
DA:103,0
DA:104,0
DA:110,0
DA:111,0
DA:120,0
DA:126,0
DA:127,0
DA:128,0
DA:148,0
DA:195,0
DA:201,0
DA:217,0
DA:222,0
LF:44
LH:0
BRDA:14,0,0,0
BRDA:14,0,1,0
BRDA:67,1,0,0
BRDA:67,1,1,0
BRDA:68,2,0,0
BRDA:68,2,1,0
BRDA:69,3,0,0
BRDA:69,3,1,0
BRDA:70,4,0,0
BRDA:70,4,1,0
BRDA:82,5,0,0
BRDA:82,5,1,0
BRDA:83,6,0,0
BRDA:83,6,1,0
BRDA:119,7,0,0
BRDA:119,7,1,0
BRDA:136,8,0,0
BRDA:136,8,1,0
BRDA:144,9,0,0
BRDA:144,9,1,0
BRDA:182,10,0,0
BRDA:182,10,1,0
BRDA:228,11,0,0
BRDA:228,11,1,0
BRDA:230,12,0,0
BRDA:230,12,1,0
BRDA:233,13,0,0
BRDA:233,13,1,0
BRDA:235,14,0,0
BRDA:235,14,1,0
BRDA:241,15,0,0
BRDA:241,15,1,0
BRDA:247,16,0,0
BRDA:247,16,1,0
BRDA:247,16,2,0
BRDA:259,17,0,0
BRDA:259,17,1,0
BRDA:260,18,0,0
BRDA:260,18,1,0
BRDA:261,19,0,0
BRDA:261,19,1,0
BRDA:268,20,0,0
BRDA:268,20,1,0
BRF:43
BRH:0
end_of_record
TN:
SF:src/services/analytics/AIInsightsService.ts
FN:89,(anonymous_0)
FN:103,(anonymous_1)
FN:112,(anonymous_2)
FN:114,(anonymous_3)
FN:135,(anonymous_4)
FN:139,(anonymous_5)
FN:146,(anonymous_6)
FN:151,(anonymous_7)
FN:183,(anonymous_8)
FN:205,(anonymous_9)
FN:213,(anonymous_10)
FN:216,(anonymous_11)
FN:238,(anonymous_12)
FN:255,(anonymous_13)
FN:257,(anonymous_14)
FN:269,(anonymous_15)
FN:279,(anonymous_16)
FN:282,(anonymous_17)
FN:287,(anonymous_18)
FN:292,(anonymous_19)
FN:314,(anonymous_20)
FN:371,(anonymous_21)
FN:375,(anonymous_22)
FN:380,(anonymous_23)
FN:385,(anonymous_24)
FN:390,(anonymous_25)
FN:403,(anonymous_26)
FN:409,(anonymous_27)
FN:411,(anonymous_28)
FN:427,(anonymous_29)
FN:433,(anonymous_30)
FN:441,(anonymous_31)
FN:448,(anonymous_32)
FN:449,(anonymous_33)
FN:467,(anonymous_34)
FN:476,(anonymous_35)
FN:479,(anonymous_36)
FN:496,(anonymous_37)
FN:580,(anonymous_38)
FN:589,(anonymous_39)
FN:590,(anonymous_40)
FN:604,(anonymous_41)
FN:605,(anonymous_42)
FN:638,(anonymous_43)
FN:650,(anonymous_44)
FN:693,(anonymous_45)
FN:707,(anonymous_46)
FN:720,(anonymous_47)
FN:734,(anonymous_48)
FN:748,(anonymous_49)
FN:753,(anonymous_50)
FN:758,(anonymous_51)
FN:760,(anonymous_52)
FN:764,(anonymous_53)
FNF:54
FNH:0
FNDA:0,(anonymous_0)
FNDA:0,(anonymous_1)
FNDA:0,(anonymous_2)
FNDA:0,(anonymous_3)
FNDA:0,(anonymous_4)
FNDA:0,(anonymous_5)
FNDA:0,(anonymous_6)
FNDA:0,(anonymous_7)
FNDA:0,(anonymous_8)
FNDA:0,(anonymous_9)
FNDA:0,(anonymous_10)
FNDA:0,(anonymous_11)
FNDA:0,(anonymous_12)
FNDA:0,(anonymous_13)
FNDA:0,(anonymous_14)
FNDA:0,(anonymous_15)
FNDA:0,(anonymous_16)
FNDA:0,(anonymous_17)
FNDA:0,(anonymous_18)
FNDA:0,(anonymous_19)
FNDA:0,(anonymous_20)
FNDA:0,(anonymous_21)
FNDA:0,(anonymous_22)
FNDA:0,(anonymous_23)
FNDA:0,(anonymous_24)
FNDA:0,(anonymous_25)
FNDA:0,(anonymous_26)
FNDA:0,(anonymous_27)
FNDA:0,(anonymous_28)
FNDA:0,(anonymous_29)
FNDA:0,(anonymous_30)
FNDA:0,(anonymous_31)
FNDA:0,(anonymous_32)
FNDA:0,(anonymous_33)
FNDA:0,(anonymous_34)
FNDA:0,(anonymous_35)
FNDA:0,(anonymous_36)
FNDA:0,(anonymous_37)
FNDA:0,(anonymous_38)
FNDA:0,(anonymous_39)
FNDA:0,(anonymous_40)
FNDA:0,(anonymous_41)
FNDA:0,(anonymous_42)
FNDA:0,(anonymous_43)
FNDA:0,(anonymous_44)
FNDA:0,(anonymous_45)
FNDA:0,(anonymous_46)
FNDA:0,(anonymous_47)
FNDA:0,(anonymous_48)
FNDA:0,(anonymous_49)
FNDA:0,(anonymous_50)
FNDA:0,(anonymous_51)
FNDA:0,(anonymous_52)
FNDA:0,(anonymous_53)
DA:79,0
DA:80,0
DA:81,0
DA:82,0
DA:84,0
DA:85,0
DA:86,0
DA:87,0
DA:90,0
DA:92,0
DA:93,0
DA:94,0
DA:95,0
DA:97,0
DA:98,0
DA:104,0
DA:105,0
DA:107,0
DA:108,0
DA:111,0
DA:112,0
DA:114,0
DA:118,0
DA:121,0
DA:126,0
DA:129,0
DA:130,0
DA:132,0
DA:138,0
DA:139,0
DA:140,0
DA:141,0
DA:143,0
DA:149,0
DA:150,0
DA:151,0
DA:156,0
DA:183,0
DA:184,0
DA:185,0
DA:202,0
DA:209,0
DA:212,0
DA:213,0
DA:216,0
DA:217,0
DA:235,0
DA:241,0
DA:244,0
DA:246,0
DA:247,0
DA:255,0
DA:257,0
DA:266,0
DA:270,0
DA:271,0
DA:272,0
DA:273,0
DA:275,0
DA:281,0
DA:282,0
DA:283,0
DA:286,0
DA:287,0
DA:293,0
DA:294,0
DA:296,0
DA:297,0
DA:300,0
DA:303,0
DA:306,0
DA:308,0
DA:309,0
DA:311,0
DA:317,0
DA:319,0
DA:321,0
DA:322,0
DA:324,0
DA:325,0
DA:347,0
DA:351,0
DA:368,0
DA:375,0
DA:376,0
DA:377,0
DA:380,0
DA:381,0
DA:382,0
DA:385,0
DA:386,0
DA:387,0
DA:390,0
DA:391,0
DA:392,0
DA:395,0
DA:406,0
DA:409,0
DA:410,0
DA:412,0
DA:416,0
DA:417,0
DA:427,0
DA:433,0
DA:438,0
DA:444,0
DA:448,0
DA:449,0
DA:451,0
DA:452,0
DA:467,0
DA:472,0
DA:478,0
DA:479,0
DA:480,0
DA:481,0
DA:485,0
DA:489,0
DA:505,0
DA:558,0
DA:581,0
DA:582,0
DA:584,0
DA:585,0
DA:586,0
DA:589,0
DA:590,0
DA:591,0
DA:604,0
DA:605,0
DA:606,0
DA:619,0
DA:620,0
DA:632,0
DA:633,0
DA:635,0
DA:639,0
DA:646,0
DA:651,0
DA:652,0
DA:654,0
DA:655,0
DA:658,0
DA:659,0
DA:660,0
DA:661,0
DA:664,0
DA:666,0
DA:667,0
DA:690,0
DA:698,0
DA:700,0
DA:701,0
DA:712,0
DA:713,0
DA:715,0
DA:721,0
DA:722,0
DA:723,0
DA:724,0
DA:725,0
DA:726,0
DA:727,0
DA:730,0
DA:735,0
DA:736,0
DA:741,0
DA:743,0
DA:749,0
DA:750,0
DA:754,0
DA:755,0
DA:759,0
DA:760,0
DA:765,0
DA:766,0
DA:767,0
DA:771,0
LF:178
LH:0
BRDA:90,0,0,0
BRDA:90,0,1,0
BRDA:114,1,0,0
BRDA:114,1,1,0
BRDA:140,2,0,0
BRDA:140,2,1,0
BRDA:141,3,0,0
BRDA:141,3,1,0
BRDA:184,4,0,0
BRDA:184,4,1,0
BRDA:184,5,0,0
BRDA:184,5,1,0
BRDA:213,6,0,0
BRDA:213,6,1,0
BRDA:224,7,0,0
BRDA:224,7,1,0
BRDA:229,8,0,0
BRDA:229,8,1,0
BRDA:246,9,0,0
BRDA:246,9,1,0
BRDA:270,10,0,0
BRDA:270,10,1,0
BRDA:272,11,0,0
BRDA:272,11,1,0
BRDA:283,12,0,0
BRDA:283,12,1,0
BRDA:287,13,0,0
BRDA:287,13,1,0
BRDA:324,14,0,0
BRDA:324,14,1,0
BRDA:347,15,0,0
BRDA:347,15,1,0
BRDA:348,16,0,0
BRDA:348,16,1,0
BRDA:377,17,0,0
BRDA:377,17,1,0
BRDA:377,17,2,0
BRDA:382,18,0,0
BRDA:382,18,1,0
BRDA:382,18,2,0
BRDA:387,19,0,0
BRDA:387,19,1,0
BRDA:392,20,0,0
BRDA:392,20,1,0
BRDA:397,21,0,0
BRDA:397,21,1,0
BRDA:399,22,0,0
BRDA:399,22,1,0
BRDA:412,23,0,0
BRDA:412,23,1,0
BRDA:412,24,0,0
BRDA:412,24,1,0
BRDA:413,25,0,0
BRDA:413,25,1,0
BRDA:416,26,0,0
BRDA:416,26,1,0
BRDA:448,27,0,0
BRDA:448,27,1,0
BRDA:451,28,0,0
BRDA:451,28,1,0
BRDA:480,29,0,0
BRDA:480,29,1,0
BRDA:486,30,0,0
BRDA:486,30,1,0
BRDA:559,31,0,0
BRDA:559,31,1,0
BRDA:619,32,0,0
BRDA:619,32,1,0
BRDA:666,33,0,0
BRDA:666,33,1,0
BRDA:674,34,0,0
BRDA:674,34,1,0
BRDA:676,35,0,0
BRDA:676,35,1,0
BRDA:679,36,0,0
BRDA:679,36,1,0
BRDA:698,37,0,0
BRDA:698,37,1,0
BRDA:703,38,0,0
BRDA:703,38,1,0
BRDA:712,39,0,0
BRDA:712,39,1,0
BRDA:723,40,0,0
BRDA:723,40,1,0
BRDA:725,41,0,0
BRDA:725,41,1,0
BRDA:726,42,0,0
BRDA:726,42,1,0
BRDA:727,43,0,0
BRDA:727,43,1,0
BRF:90
BRH:0
end_of_record
TN:
SF:src/services/analytics/UserStatsService.ts
FN:31,(anonymous_0)
FN:46,(anonymous_1)
FN:53,(anonymous_2)
FN:54,(anonymous_3)
FN:104,(anonymous_4)
FN:135,(anonymous_5)
FN:164,(anonymous_6)
FN:182,(anonymous_7)
FN:207,(anonymous_8)
FN:228,(anonymous_9)
FNF:10
FNH:0
FNDA:0,(anonymous_0)
FNDA:0,(anonymous_1)
FNDA:0,(anonymous_2)
FNDA:0,(anonymous_3)
FNDA:0,(anonymous_4)
FNDA:0,(anonymous_5)
FNDA:0,(anonymous_6)
FNDA:0,(anonymous_7)
FNDA:0,(anonymous_8)
FNDA:0,(anonymous_9)
DA:27,0
DA:28,0
DA:29,0
DA:33,0
DA:34,0
DA:35,0
DA:36,0
DA:37,0
DA:41,0
DA:42,0
DA:43,0
DA:46,0
DA:47,0
DA:48,0
DA:53,0
DA:54,0
DA:57,0
DA:60,0
DA:61,0
DA:63,0
DA:82,0
DA:83,0
DA:85,0
DA:87,0
DA:90,0
DA:105,0
DA:106,0
DA:107,0
DA:108,0
DA:109,0
DA:112,0
DA:113,0
DA:114,0
DA:116,0
DA:117,0
DA:118,0
DA:119,0
DA:121,0
DA:122,0
DA:125,0
DA:128,0
DA:130,0
DA:131,0
DA:136,0
DA:139,0
DA:142,0
DA:143,0
DA:144,0
DA:145,0
DA:146,0
DA:147,0
DA:148,0
DA:149,0
DA:150,0
DA:152,0
DA:157,0
DA:159,0
DA:160,0
DA:165,0
DA:168,0
DA:169,0
DA:170,0
DA:171,0
DA:175,0
DA:177,0
DA:178,0
DA:183,0
DA:185,0
DA:186,0
DA:187,0
DA:188,0
DA:190,0
DA:199,0
DA:200,0
DA:203,0
DA:204,0
DA:208,0
DA:209,0
DA:210,0
DA:213,0
DA:214,0
DA:216,0
DA:217,0
DA:218,0
DA:219,0
DA:220,0
DA:224,0
DA:225,0
DA:229,0
DA:230,0
DA:234,0
LF:91
LH:0
BRDA:31,0,0,0
BRDA:33,1,0,0
BRDA:33,1,1,0
BRDA:33,2,0,0
BRDA:33,2,1,0
BRDA:33,2,2,0
BRDA:36,3,0,0
BRDA:36,3,1,0
BRDA:48,4,0,0
BRDA:48,4,1,0
BRDA:73,5,0,0
BRDA:73,5,1,0
BRDA:74,6,0,0
BRDA:74,6,1,0
BRDA:75,7,0,0
BRDA:75,7,1,0
BRDA:76,8,0,0
BRDA:76,8,1,0
BRDA:77,9,0,0
BRDA:77,9,1,0
BRDA:121,10,0,0
BRDA:121,10,1,0
BRDA:121,11,0,0
BRDA:121,11,1,0
BRDA:121,11,2,0
BRDA:142,12,0,0
BRDA:142,12,1,0
BRDA:143,13,0,0
BRDA:143,13,1,0
BRDA:145,14,0,0
BRDA:145,14,1,0
BRDA:147,15,0,0
BRDA:147,15,1,0
BRDA:149,16,0,0
BRDA:149,16,1,0
BRDA:168,17,0,0
BRDA:168,17,1,0
BRDA:169,18,0,0
BRDA:169,18,1,0
BRDA:170,19,0,0
BRDA:170,19,1,0
BRDA:186,20,0,0
BRDA:186,20,1,0
BRDA:187,21,0,0
BRDA:187,21,1,0
BRDA:199,22,0,0
BRDA:199,22,1,0
BRDA:199,23,0,0
BRDA:199,23,1,0
BRDA:219,24,0,0
BRDA:219,24,1,0
BRDA:224,25,0,0
BRDA:224,25,1,0
BRDA:225,26,0,0
BRDA:225,26,1,0
BRF:55
BRH:0
end_of_record
TN:
SF:src/services/auth/BackendAuthService.ts
FN:12,(anonymous_0)
FN:18,(anonymous_1)
FN:34,(anonymous_2)
FN:49,(anonymous_3)
FN:67,(anonymous_4)
FN:75,(anonymous_5)
FN:95,(anonymous_6)
FN:97,(anonymous_7)
FN:101,(anonymous_8)
FN:129,(anonymous_9)
FN:158,(anonymous_10)
FN:178,(anonymous_11)
FN:183,(anonymous_12)
FN:188,(anonymous_13)
FN:194,(anonymous_14)
FN:202,(anonymous_15)
FN:209,(anonymous_16)
FN:213,(anonymous_17)
FN:232,(anonymous_18)
FN:247,(anonymous_19)
FN:254,(anonymous_20)
FN:264,(anonymous_21)
FN:283,(anonymous_22)
FN:302,(anonymous_23)
FN:321,(anonymous_24)
FN:331,(anonymous_25)
FNF:26
FNH:1
FNDA:2,(anonymous_0)
FNDA:0,(anonymous_1)
FNDA:0,(anonymous_2)
FNDA:0,(anonymous_3)
FNDA:0,(anonymous_4)
FNDA:0,(anonymous_5)
FNDA:0,(anonymous_6)
FNDA:0,(anonymous_7)
FNDA:0,(anonymous_8)
FNDA:0,(anonymous_9)
FNDA:0,(anonymous_10)
FNDA:0,(anonymous_11)
FNDA:0,(anonymous_12)
FNDA:0,(anonymous_13)
FNDA:0,(anonymous_14)
FNDA:0,(anonymous_15)
FNDA:0,(anonymous_16)
FNDA:0,(anonymous_17)
FNDA:0,(anonymous_18)
FNDA:0,(anonymous_19)
FNDA:0,(anonymous_20)
FNDA:0,(anonymous_21)
FNDA:0,(anonymous_22)
FNDA:0,(anonymous_23)
FNDA:0,(anonymous_24)
FNDA:0,(anonymous_25)
DA:6,2
DA:7,2
DA:9,2
DA:10,2
DA:19,0
DA:20,0
DA:21,0
DA:23,0
DA:24,0
DA:25,0
DA:27,0
DA:28,0
DA:29,0
DA:30,0
DA:34,0
DA:35,0
DA:39,0
DA:42,0
DA:50,0
DA:51,0
DA:52,0
DA:54,0
DA:55,0
DA:56,0
DA:60,0
DA:61,0
DA:68,0
DA:69,0
DA:70,0
DA:71,0
DA:76,0
DA:78,0
DA:79,0
DA:82,0
DA:83,0
DA:84,0
DA:85,0
DA:88,0
DA:89,0
DA:91,0
DA:96,0
DA:97,0
DA:102,0
DA:103,0
DA:105,0
DA:114,0
DA:116,0
DA:122,0
DA:123,0
DA:124,0
DA:130,0
DA:131,0
DA:133,0
DA:143,0
DA:145,0
DA:151,0
DA:152,0
DA:153,0
DA:159,0
DA:161,0
DA:162,0
DA:164,0
DA:168,0
DA:169,0
DA:171,0
DA:173,0
DA:179,0
DA:184,0
DA:189,0
DA:191,0
DA:194,0
DA:195,0
DA:196,0
DA:197,0
DA:203,0
DA:204,0
DA:205,0
DA:209,0
DA:214,0
DA:215,0
DA:218,0
DA:219,0
DA:220,0
DA:221,0
DA:222,0
DA:223,0
DA:225,0
DA:226,0
DA:227,0
DA:233,0
DA:234,0
DA:235,0
DA:236,0
DA:237,0
DA:238,0
DA:240,0
DA:241,0
DA:242,0
DA:248,0
DA:249,0
DA:250,0
DA:255,0
DA:256,0
DA:258,0
DA:259,0
DA:265,0
DA:266,0
DA:267,0
DA:270,0
DA:271,0
DA:272,0
DA:273,0
DA:274,0
DA:275,0
DA:277,0
DA:278,0
DA:279,0
DA:284,0
DA:285,0
DA:286,0
DA:289,0
DA:290,0
DA:291,0
DA:292,0
DA:293,0
DA:294,0
DA:296,0
DA:297,0
DA:298,0
DA:303,0
DA:304,0
DA:305,0
DA:308,0
DA:309,0
DA:310,0
DA:311,0
DA:312,0
DA:313,0
DA:315,0
DA:316,0
DA:317,0
DA:322,0
DA:323,0
DA:326,0
DA:327,0
DA:328,0
DA:332,0
DA:333,0
DA:336,0
DA:337,0
DA:340,0
DA:344,2
LF:152
LH:5
BRDA:24,0,0,0
BRDA:24,0,1,0
BRDA:25,1,0,0
BRDA:25,1,1,0
BRDA:27,2,0,0
BRDA:27,2,1,0
BRDA:27,3,0,0
BRDA:27,3,1,0
BRDA:83,4,0,0
BRDA:83,4,1,0
BRDA:84,5,0,0
BRDA:84,5,1,0
BRDA:123,6,0,0
BRDA:123,6,1,0
BRDA:152,7,0,0
BRDA:152,7,1,0
BRDA:196,8,0,0
BRDA:196,8,1,0
BRDA:204,9,0,0
BRDA:204,9,1,0
BRDA:214,10,0,0
BRDA:214,10,1,0
BRDA:241,11,0,0
BRDA:241,11,1,0
BRDA:266,12,0,0
BRDA:266,12,1,0
BRDA:278,13,0,0
BRDA:278,13,1,0
BRDA:285,14,0,0
BRDA:285,14,1,0
BRDA:297,15,0,0
BRDA:297,15,1,0
BRDA:304,16,0,0
BRDA:304,16,1,0
BRDA:316,17,0,0
BRDA:316,17,1,0
BRDA:322,18,0,0
BRDA:322,18,1,0
BRDA:322,19,0,0
BRDA:322,19,1,0
BRDA:332,20,0,0
BRDA:332,20,1,0
BRDA:336,21,0,0
BRDA:336,21,1,0
BRDA:336,22,0,0
BRDA:336,22,1,0
BRF:46
BRH:0
end_of_record
TN:
SF:src/services/auth/OnboardingService.ts
FN:8,(anonymous_0)
FN:21,(anonymous_1)
FN:32,(anonymous_2)
FN:43,(anonymous_3)
FN:49,(anonymous_4)
FN:71,(anonymous_5)
FN:86,(anonymous_6)
FN:97,(anonymous_7)
FN:112,(anonymous_8)
FN:135,(anonymous_9)
FNF:10
FNH:0
FNDA:0,(anonymous_0)
FNDA:0,(anonymous_1)
FNDA:0,(anonymous_2)
FNDA:0,(anonymous_3)
FNDA:0,(anonymous_4)
FNDA:0,(anonymous_5)
FNDA:0,(anonymous_6)
FNDA:0,(anonymous_7)
FNDA:0,(anonymous_8)
FNDA:0,(anonymous_9)
DA:4,2
DA:5,2
DA:6,2
DA:9,0
DA:10,0
DA:11,0
DA:14,0
DA:16,0
DA:17,0
DA:22,0
DA:23,0
DA:28,0
DA:33,0
DA:34,0
DA:39,0
DA:44,0
DA:45,0
DA:53,0
DA:54,0
DA:55,0
DA:57,0
DA:62,0
DA:63,0
DA:75,0
DA:76,0
DA:81,0
DA:87,0
DA:88,0
DA:89,0
DA:90,0
DA:92,0
DA:93,0
DA:98,0
DA:99,0
DA:100,0
DA:102,0
DA:103,0
DA:104,0
DA:107,0
DA:113,0
DA:131,0
DA:137,0
DA:141,2
LF:43
LH:4
BRDA:14,0,0,0
BRDA:14,0,1,0
BRDA:58,1,0,0
BRDA:58,1,1,0
BRDA:59,2,0,0
BRDA:59,2,1,0
BRDA:89,3,0,0
BRDA:89,3,1,0
BRDA:100,4,0,0
BRDA:100,4,1,0
BRDA:102,5,0,0
BRDA:102,5,1,0
BRDA:131,6,0,0
BRDA:131,6,1,0
BRF:14
BRH:0
end_of_record
TN:
SF:src/services/core/ApiService.ts
FN:10,(anonymous_0)
FN:14,(anonymous_1)
FN:18,(anonymous_2)
FN:22,(anonymous_3)
FN:42,(anonymous_4)
FN:55,(anonymous_5)
FN:61,(anonymous_6)
FN:69,(anonymous_7)
FN:77,(anonymous_8)
FN:86,(anonymous_9)
FN:94,(anonymous_10)
FN:102,(anonymous_11)
FN:111,(anonymous_12)
FN:122,(anonymous_13)
FN:133,(anonymous_14)
FN:144,(anonymous_15)
FN:153,(anonymous_16)
FN:161,(anonymous_17)
FN:170,(anonymous_18)
FN:182,(anonymous_19)
FN:186,(anonymous_20)
FNF:21
FNH:1
FNDA:11,(anonymous_0)
FNDA:0,(anonymous_1)
FNDA:0,(anonymous_2)
FNDA:0,(anonymous_3)
FNDA:0,(anonymous_4)
FNDA:0,(anonymous_5)
FNDA:0,(anonymous_6)
FNDA:0,(anonymous_7)
FNDA:0,(anonymous_8)
FNDA:0,(anonymous_9)
FNDA:0,(anonymous_10)
FNDA:0,(anonymous_11)
FNDA:0,(anonymous_12)
FNDA:0,(anonymous_13)
FNDA:0,(anonymous_14)
FNDA:0,(anonymous_15)
FNDA:0,(anonymous_16)
FNDA:0,(anonymous_17)
FNDA:0,(anonymous_18)
FNDA:0,(anonymous_19)
FNDA:0,(anonymous_20)
DA:4,11
DA:8,11
DA:11,11
DA:15,0
DA:19,0
DA:23,0
DA:24,0
DA:29,0
DA:30,0
DA:33,0
DA:38,0
DA:39,0
DA:41,0
DA:42,0
DA:43,0
DA:46,0
DA:48,0
DA:49,0
DA:56,0
DA:62,0
DA:63,0
DA:64,0
DA:66,0
DA:70,0
DA:71,0
DA:72,0
DA:74,0
DA:78,0
DA:79,0
DA:81,0
DA:87,0
DA:88,0
DA:89,0
DA:91,0
DA:95,0
DA:96,0
DA:97,0
DA:99,0
DA:103,0
DA:104,0
DA:106,0
DA:112,0
DA:113,0
DA:115,0
DA:123,0
DA:129,0
DA:130,0
DA:134,0
DA:140,0
DA:141,0
DA:145,0
DA:146,0
DA:148,0
DA:154,0
DA:155,0
DA:156,0
DA:158,0
DA:162,0
DA:163,0
DA:165,0
DA:171,0
DA:172,0
DA:174,0
DA:183,0
DA:188,0
DA:192,11
LF:66
LH:4
BRDA:4,0,0,11
BRDA:4,0,1,0
BRDA:22,1,0,0
BRDA:29,2,0,0
BRDA:29,2,1,0
BRDA:41,3,0,0
BRDA:41,3,1,0
BRDA:43,4,0,0
BRDA:43,4,1,0
BRDA:62,5,0,0
BRDA:62,5,1,0
BRDA:70,6,0,0
BRDA:70,6,1,0
BRDA:78,7,0,0
BRDA:78,7,1,0
BRDA:78,8,0,0
BRDA:78,8,1,0
BRDA:87,9,0,0
BRDA:87,9,1,0
BRDA:95,10,0,0
BRDA:95,10,1,0
BRDA:103,11,0,0
BRDA:103,11,1,0
BRDA:112,12,0,0
BRDA:112,12,1,0
BRDA:145,13,0,0
BRDA:145,13,1,0
BRDA:154,14,0,0
BRDA:154,14,1,0
BRDA:162,15,0,0
BRDA:162,15,1,0
BRDA:171,16,0,0
BRDA:171,16,1,0
BRF:33
BRH:1
end_of_record
TN:
SF:src/services/core/AutoProgressTracker.ts
FN:21,(anonymous_0)
FN:26,(anonymous_1)
FN:31,(anonymous_2)
FN:41,(anonymous_3)
FN:51,(anonymous_4)
FN:69,(anonymous_5)
FN:75,(anonymous_6)
FN:103,(anonymous_7)
FN:136,(anonymous_8)
FN:164,(anonymous_9)
FN:184,(anonymous_10)
FN:185,(anonymous_11)
FN:189,(anonymous_12)
FN:190,(anonymous_13)
FN:191,(anonymous_14)
FN:192,(anonymous_15)
FN:197,(anonymous_16)
FN:201,(anonymous_17)
FN:218,(anonymous_18)
FN:231,(anonymous_19)
FN:236,(anonymous_20)
FN:241,(anonymous_21)
FN:251,(anonymous_22)
FNF:23
FNH:2
FNDA:11,(anonymous_0)
FNDA:11,(anonymous_1)
FNDA:0,(anonymous_2)
FNDA:0,(anonymous_3)
FNDA:0,(anonymous_4)
FNDA:0,(anonymous_5)
FNDA:0,(anonymous_6)
FNDA:0,(anonymous_7)
FNDA:0,(anonymous_8)
FNDA:0,(anonymous_9)
FNDA:0,(anonymous_10)
FNDA:0,(anonymous_11)
FNDA:0,(anonymous_12)
FNDA:0,(anonymous_13)
FNDA:0,(anonymous_14)
FNDA:0,(anonymous_15)
FNDA:0,(anonymous_16)
FNDA:0,(anonymous_17)
FNDA:0,(anonymous_18)
FNDA:0,(anonymous_19)
FNDA:0,(anonymous_20)
FNDA:0,(anonymous_21)
FNDA:0,(anonymous_22)
DA:18,11
DA:19,11
DA:22,11
DA:27,11
DA:28,11
DA:29,11
DA:30,0
DA:31,0
DA:32,0
DA:36,0
DA:42,0
DA:43,0
DA:44,0
DA:46,0
DA:52,0
DA:53,0
DA:56,0
DA:64,0
DA:65,0
DA:70,0
DA:71,0
DA:76,0
DA:77,0
DA:78,0
DA:80,0
DA:81,0
DA:82,0
DA:83,0
DA:84,0
DA:87,0
DA:88,0
DA:91,0
DA:95,0
DA:96,0
DA:99,0
DA:107,0
DA:109,0
DA:110,0
DA:117,0
DA:118,0
DA:129,0
DA:132,0
DA:141,0
DA:142,0
DA:143,0
DA:146,0
DA:147,0
DA:149,0
DA:150,0
DA:151,0
DA:153,0
DA:154,0
DA:157,0
DA:160,0
DA:170,0
DA:171,0
DA:172,0
DA:175,0
DA:177,0
DA:178,0
DA:180,0
DA:181,0
DA:184,0
DA:185,0
DA:188,0
DA:189,0
DA:190,0
DA:191,0
DA:192,0
DA:194,0
DA:195,0
DA:197,0
DA:198,0
DA:201,0
DA:202,0
DA:205,0
DA:212,0
DA:213,0
DA:219,0
DA:227,0
DA:232,0
DA:237,0
DA:242,0
DA:243,0
DA:244,0
DA:245,0
DA:246,0
DA:255,0
DA:257,0
DA:258,0
DA:260,0
DA:261,0
DA:268,0
DA:269,0
DA:271,0
DA:273,0
DA:278,0
DA:286,11
LF:98
LH:7
BRDA:29,0,0,0
BRDA:29,0,1,11
BRDA:52,1,0,0
BRDA:52,1,1,0
BRDA:52,2,0,0
BRDA:52,2,1,0
BRDA:83,3,0,0
BRDA:83,3,1,0
BRDA:95,4,0,0
BRDA:95,4,1,0
BRDA:117,5,0,0
BRDA:117,5,1,0
BRDA:142,6,0,0
BRDA:142,6,1,0
BRDA:153,7,0,0
BRDA:153,7,1,0
BRDA:164,8,0,0
BRDA:171,9,0,0
BRDA:171,9,1,0
BRDA:180,10,0,0
BRDA:180,10,1,0
BRDA:195,11,0,0
BRDA:195,11,1,0
BRDA:195,12,0,0
BRDA:195,12,1,0
BRDA:198,13,0,0
BRDA:198,13,1,0
BRDA:202,14,0,0
BRDA:202,14,1,0
BRDA:243,15,0,0
BRDA:243,15,1,0
BRDA:260,16,0,0
BRDA:260,16,1,0
BRDA:280,17,0,0
BRDA:280,17,1,0
BRF:35
BRH:1
end_of_record
TN:
SF:src/services/core/ConflictResolver.ts
FN:27,(anonymous_0)
FN:83,(anonymous_1)
FN:86,(anonymous_2)
FN:89,(anonymous_3)
FN:122,(anonymous_4)
FN:155,(anonymous_5)
FN:184,(anonymous_6)
FN:200,(anonymous_7)
FN:214,(anonymous_8)
FN:220,(anonymous_9)
FN:224,(anonymous_10)
FN:233,(anonymous_11)
FN:237,(anonymous_12)
FN:238,(anonymous_13)
FN:264,(anonymous_14)
FN:267,(anonymous_15)
FN:275,(anonymous_16)
FN:281,(anonymous_17)
FN:305,(anonymous_18)
FNF:19
FNH:0
FNDA:0,(anonymous_0)
FNDA:0,(anonymous_1)
FNDA:0,(anonymous_2)
FNDA:0,(anonymous_3)
FNDA:0,(anonymous_4)
FNDA:0,(anonymous_5)
FNDA:0,(anonymous_6)
FNDA:0,(anonymous_7)
FNDA:0,(anonymous_8)
FNDA:0,(anonymous_9)
FNDA:0,(anonymous_10)
FNDA:0,(anonymous_11)
FNDA:0,(anonymous_12)
FNDA:0,(anonymous_13)
FNDA:0,(anonymous_14)
FNDA:0,(anonymous_15)
FNDA:0,(anonymous_16)
FNDA:0,(anonymous_17)
FNDA:0,(anonymous_18)
DA:22,11
DA:23,11
DA:28,0
DA:32,0
DA:34,0
DA:44,0
DA:45,0
DA:46,0
DA:49,0
DA:50,0
DA:51,0
DA:53,0
DA:58,0
DA:59,0
DA:66,0
DA:75,0
DA:77,0
DA:85,0
DA:86,0
DA:90,0
DA:92,0
DA:93,0
DA:96,0
DA:97,0
DA:99,0
DA:101,0
DA:105,0
DA:106,0
DA:110,0
DA:115,0
DA:117,0
DA:123,0
DA:127,0
DA:128,0
DA:138,0
DA:139,0
DA:141,0
DA:142,0
DA:143,0
DA:144,0
DA:148,0
DA:149,0
DA:156,0
DA:158,0
DA:159,0
DA:162,0
DA:163,0
DA:165,0
DA:169,0
DA:170,0
DA:172,0
DA:174,0
DA:178,0
DA:179,0
DA:185,0
DA:187,0
[...]
FNDA:0,(anonymous_17)
FNDA:0,(anonymous_18)
FNDA:0,(anonymous_19)
FNDA:0,(anonymous_20)
FNDA:0,(anonymous_21)
FNDA:0,(anonymous_22)
FNDA:0,(anonymous_23)
FNDA:0,(anonymous_24)
FNDA:0,(anonymous_25)
FNDA:0,(anonymous_26)
FNDA:0,(anonymous_27)
FNDA:0,(anonymous_28)
DA:9,0
DA:10,0
DA:32,0
DA:33,0
DA:34,0
DA:37,0
DA:38,0
DA:40,0
DA:47,0
DA:49,0
DA:50,0
DA:52,0
DA:55,0
DA:58,0
DA:60,0
DA:61,0
DA:63,0
DA:64,0
DA:72,0
DA:73,0
DA:74,0
DA:78,0
DA:79,0
DA:82,0
DA:83,0
DA:84,0
DA:87,0
DA:88,0
DA:89,0
DA:93,0
DA:94,0
DA:96,0
DA:97,0
DA:100,0
DA:104,0
DA:105,0
DA:107,0
DA:108,0
DA:116,0
DA:117,0
DA:125,0
DA:127,0
DA:136,0
DA:137,0
DA:138,0
DA:142,0
DA:143,0
DA:144,0
DA:152,0
DA:153,0
DA:156,0
DA:163,0
DA:166,0
DA:173,0
DA:176,0
DA:179,0
DA:180,0
DA:184,0
DA:186,0
DA:188,0
DA:192,0
DA:193,0
DA:196,0
DA:198,0
DA:200,0
DA:211,0
DA:213,0
DA:220,0
DA:222,0
DA:223,0
DA:234,0
DA:235,0
DA:238,0
DA:239,0
DA:241,0
DA:243,0
DA:253,0
DA:254,0
DA:259,0
DA:260,0
DA:262,0
DA:263,0
DA:271,0
DA:272,0
DA:273,0
DA:275,0
DA:283,0
DA:284,0
DA:285,0
DA:287,0
DA:295,0
DA:296,0
DA:298,0
DA:299,0
DA:307,0
DA:308,0
DA:310,0
DA:318,0
DA:319,0
DA:320,0
DA:321,0
DA:323,0
DA:331,0
DA:332,0
DA:335,0
DA:336,0
DA:344,0
DA:349,0
DA:350,0
DA:358,0
DA:366,0
DA:374,0
DA:382,0
DA:390,0
LF:114
LH:0
BRDA:37,0,0,0
BRDA:37,0,1,0
BRDA:50,1,0,0
BRDA:50,1,1,0
BRDA:72,2,0,0
BRDA:72,2,1,0
BRDA:82,3,0,0
BRDA:82,3,1,0
BRDA:87,4,0,0
BRDA:87,4,1,0
BRDA:94,5,0,0
BRDA:94,5,1,0
BRDA:96,6,0,0
BRDA:96,6,1,0
BRDA:120,7,0,0
BRDA:120,7,1,0
BRDA:176,8,0,0
BRDA:176,8,1,0
BRDA:176,8,2,0
BRDA:176,8,3,0
BRDA:176,8,4,0
BRDA:184,9,0,0
BRDA:184,9,1,0
BRDA:196,10,0,0
BRDA:196,10,1,0
BRDA:238,11,0,0
BRDA:238,11,1,0
BRDA:331,12,0,0
BRDA:331,12,1,0
BRDA:335,13,0,0
BRDA:335,13,1,0
BRF:31
BRH:0
end_of_record
TN:
SF:src/services/notifications/SmartNotificationService.ts
FN:49,(anonymous_0)
FN:53,(anonymous_1)
FN:63,(anonymous_2)
FN:77,(anonymous_3)
FN:96,(anonymous_4)
FN:109,(anonymous_5)
FN:122,(anonymous_6)
FN:148,(anonymous_7)
FN:161,(anonymous_8)
FN:177,(anonymous_9)
FN:199,(anonymous_10)
FN:208,(anonymous_11)
FN:218,(anonymous_12)
FN:236,(anonymous_13)
FN:260,(anonymous_14)
FN:300,(anonymous_15)
FN:336,(anonymous_16)
FN:371,(anonymous_17)
FN:413,(anonymous_18)
FN:427,(anonymous_19)
FN:441,(anonymous_20)
FN:454,(anonymous_21)
FN:467,(anonymous_22)
FN:468,(anonymous_23)
FN:479,(anonymous_24)
FN:495,(anonymous_25)
FNF:26
FNH:0
FNDA:0,(anonymous_0)
FNDA:0,(anonymous_1)
FNDA:0,(anonymous_2)
FNDA:0,(anonymous_3)
FNDA:0,(anonymous_4)
FNDA:0,(anonymous_5)
FNDA:0,(anonymous_6)
FNDA:0,(anonymous_7)
FNDA:0,(anonymous_8)
FNDA:0,(anonymous_9)
FNDA:0,(anonymous_10)
FNDA:0,(anonymous_11)
FNDA:0,(anonymous_12)
FNDA:0,(anonymous_13)
FNDA:0,(anonymous_14)
FNDA:0,(anonymous_15)
FNDA:0,(anonymous_16)
FNDA:0,(anonymous_17)
FNDA:0,(anonymous_18)
FNDA:0,(anonymous_19)
FNDA:0,(anonymous_20)
FNDA:0,(anonymous_21)
FNDA:0,(anonymous_22)
FNDA:0,(anonymous_23)
FNDA:0,(anonymous_24)
FNDA:0,(anonymous_25)
DA:45,0
DA:46,0
DA:47,0
DA:50,0
DA:54,0
DA:55,0
DA:57,0
DA:64,0
DA:65,0
DA:66,0
DA:67,0
DA:68,0
DA:70,0
DA:78,0
DA:97,0
DA:98,0
DA:100,0
DA:102,0
DA:110,0
DA:111,0
DA:112,0
DA:114,0
DA:115,0
DA:123,0
DA:124,0
DA:125,0
DA:126,0
DA:128,0
DA:129,0
DA:132,0
DA:133,0
DA:136,0
DA:137,0
DA:139,0
DA:141,0
DA:149,0
DA:150,0
DA:151,0
DA:153,0
DA:154,0
DA:162,0
DA:163,0
DA:166,0
DA:167,0
DA:171,0
DA:172,0
DA:174,0
DA:176,0
DA:177,0
DA:178,0
DA:181,0
DA:182,0
DA:185,0
DA:186,0
DA:189,0
DA:193,0
DA:202,0
DA:209,0
DA:210,0
DA:211,0
DA:212,0
DA:219,0
DA:221,0
DA:222,0
DA:223,0
DA:226,0
DA:227,0
DA:230,0
DA:237,0
DA:238,0
DA:239,0
DA:242,0
DA:245,0
DA:247,0
DA:248,0
DA:251,0
DA:253,0
DA:261,0
DA:262,0
DA:264,0
DA:266,0
DA:267,0
DA:278,0
DA:279,0
DA:283,0
DA:284,0
DA:288,0
DA:289,0
DA:293,0
DA:304,0
DA:307,0
DA:308,0
DA:311,0
DA:321,0
DA:327,0
DA:328,0
DA:329,0
DA:341,0
DA:342,0
DA:344,0
DA:345,0
DA:348,0
DA:358,0
DA:362,0
DA:363,0
DA:364,0
DA:376,0
DA:379,0
DA:380,0
DA:382,0
DA:383,0
DA:386,0
DA:396,0
DA:398,0
DA:399,0
DA:403,0
DA:404,0
DA:405,0
DA:414,0
DA:421,0
DA:428,0
DA:435,0
DA:442,0
DA:443,0
DA:444,0
DA:445,0
DA:447,0
DA:455,0
DA:456,0
DA:457,0
DA:458,0
DA:460,0
DA:468,0
DA:469,0
DA:472,0
DA:473,0
DA:480,0
DA:483,0
DA:484,0
DA:485,0
DA:489,0
DA:498,0
LF:142
LH:0
BRDA:54,0,0,0
BRDA:54,0,1,0
BRDA:112,1,0,0
BRDA:112,1,1,0
BRDA:128,2,0,0
BRDA:128,2,1,0
BRDA:132,3,0,0
BRDA:132,3,1,0
BRDA:151,4,0,0
BRDA:151,4,1,0
BRDA:166,5,0,0
BRDA:166,5,1,0
BRDA:167,6,0,0
BRDA:167,6,1,0
BRDA:174,7,0,0
BRDA:174,7,1,0
BRDA:174,8,0,0
BRDA:174,8,1,0
BRDA:178,9,0,0
BRDA:178,9,1,0
BRDA:185,10,0,0
BRDA:185,10,1,0
BRDA:186,11,0,0
BRDA:186,11,1,0
BRDA:193,12,0,0
BRDA:193,12,1,0
BRDA:219,13,0,0
BRDA:219,13,1,0
BRDA:226,14,0,0
BRDA:226,14,1,0
BRDA:227,15,0,0
BRDA:227,15,1,0
BRDA:230,16,0,0
BRDA:230,16,1,0
BRDA:239,17,0,0
BRDA:239,17,1,0
BRDA:239,18,0,0
BRDA:239,18,1,0
BRDA:273,19,0,0
BRDA:273,19,1,0
BRDA:278,20,0,0
BRDA:278,20,1,0
BRDA:278,21,0,0
BRDA:278,21,1,0
BRDA:283,22,0,0
BRDA:283,22,1,0
BRDA:283,23,0,0
BRDA:283,23,1,0
BRDA:288,24,0,0
BRDA:288,24,1,0
BRDA:307,25,0,0
BRDA:307,25,1,0
BRDA:328,26,0,0
BRDA:328,26,1,0
BRDA:344,27,0,0
BRDA:344,27,1,0
BRDA:363,28,0,0
BRDA:363,28,1,0
BRDA:376,29,0,0
BRDA:376,29,1,0
BRDA:382,30,0,0
BRDA:382,30,1,0
BRDA:396,31,0,0
BRDA:396,31,1,0
BRDA:398,32,0,0
BRDA:398,32,1,0
BRDA:404,33,0,0
BRDA:404,33,1,0
BRDA:442,34,0,0
BRDA:442,34,1,0
BRDA:444,35,0,0
BRDA:444,35,1,0
BRDA:455,36,0,0
BRDA:455,36,1,0
BRDA:457,37,0,0
BRDA:457,37,1,0
BRDA:484,38,0,0
BRDA:484,38,1,0
BRF:78
BRH:0
end_of_record
TN:
SF:src/services/premium/AchievementService.ts
FN:48,(anonymous_0)
FN:53,(anonymous_1)
FN:262,(anonymous_2)
FN:273,(anonymous_3)
FN:284,(anonymous_4)
FN:316,(anonymous_5)
FN:332,(anonymous_6)
FN:346,(anonymous_7)
FN:347,(anonymous_8)
FN:351,(anonymous_9)
FN:352,(anonymous_10)
FN:355,(anonymous_11)
FN:366,(anonymous_12)
FN:373,(anonymous_13)
FN:379,(anonymous_14)
FN:389,(anonymous_15)
FN:401,(anonymous_16)
FN:413,(anonymous_17)
FN:417,(anonymous_18)
FN:418,(anonymous_19)
FN:421,(anonymous_20)
FN:422,(anonymous_21)
FN:427,(anonymous_22)
FN:428,(anonymous_23)
FN:431,(anonymous_24)
FN:432,(anonymous_25)
FN:436,(anonymous_26)
FN:437,(anonymous_27)
FN:443,(anonymous_28)
FN:451,(anonymous_29)
FN:457,(anonymous_30)
FNF:31
FNH:10
FNDA:2,(anonymous_0)
FNDA:2,(anonymous_1)
FNDA:2,(anonymous_2)
FNDA:2,(anonymous_3)
FNDA:0,(anonymous_4)
FNDA:30,(anonymous_5)
FNDA:0,(anonymous_6)
FNDA:10,(anonymous_7)
FNDA:0,(anonymous_8)
FNDA:8,(anonymous_9)
FNDA:0,(anonymous_10)
FNDA:4,(anonymous_11)
FNDA:78,(anonymous_12)
FNDA:4,(anonymous_13)
FNDA:0,(anonymous_14)
FNDA:0,(anonymous_15)
FNDA:0,(anonymous_16)
FNDA:0,(anonymous_17)
FNDA:0,(anonymous_18)
FNDA:0,(anonymous_19)
FNDA:0,(anonymous_20)
FNDA:0,(anonymous_21)
FNDA:0,(anonymous_22)
FNDA:0,(anonymous_23)
FNDA:0,(anonymous_24)
FNDA:0,(anonymous_25)
FNDA:0,(anonymous_26)
FNDA:0,(anonymous_27)
FNDA:0,(anonymous_28)
FNDA:0,(anonymous_29)
FNDA:0,(anonymous_30)
DA:45,11
DA:46,11
DA:49,2
DA:50,2
DA:54,2
DA:263,2
DA:266,2
DA:268,0
DA:269,0
DA:274,2
DA:275,2
DA:276,2
DA:277,2
DA:279,2
DA:280,30
DA:283,30
DA:284,0
DA:287,30
DA:290,30
DA:293,30
DA:294,0
DA:304,0
DA:305,0
DA:309,2
DA:311,0
DA:312,0
DA:320,30
DA:321,30
DA:323,10
DA:326,8
DA:329,4
DA:332,4
DA:335,4
DA:338,0
DA:341,0
DA:342,0
DA:347,10
DA:348,10
DA:352,8
DA:356,4
DA:357,4
DA:358,4
DA:360,4
DA:366,78
DA:368,0
DA:369,0
DA:376,4
DA:380,0
DA:381,0
DA:382,0
DA:383,0
DA:385,0
DA:386,0
DA:388,0
DA:389,0
DA:391,0
DA:401,0
DA:403,0
DA:404,0
DA:405,0
DA:408,0
DA:409,0
DA:414,0
DA:418,0
DA:422,0
DA:423,0
DA:428,0
DA:432,0
DA:437,0
DA:438,0
DA:450,0
DA:451,0
DA:452,0
DA:454,0
DA:455,0
DA:457,0
DA:458,0
DA:459,0
DA:460,0
DA:462,0
DA:463,0
DA:467,0
DA:477,11
LF:83
LH:35
BRDA:280,0,0,0
BRDA:280,0,1,30
BRDA:287,1,0,0
BRDA:287,1,1,30
BRDA:293,2,0,0
BRDA:293,2,1,30
BRDA:321,3,0,10
BRDA:321,3,1,8
BRDA:321,3,2,4
BRDA:321,3,3,4
BRDA:321,3,4,4
BRDA:321,3,5,0
BRDA:329,4,0,4
BRDA:329,4,1,0
BRDA:347,5,0,0
BRDA:347,5,1,0
BRDA:352,6,0,0
BRDA:352,6,1,0
BRDA:386,7,0,0
BRDA:386,7,1,0
BRDA:403,8,0,0
BRDA:403,8,1,0
BRDA:403,9,0,0
BRDA:403,9,1,0
BRDA:404,10,0,0
BRDA:404,10,1,0
BRDA:404,11,0,0
BRDA:404,11,1,0
BRDA:423,12,0,0
BRDA:423,12,1,0
BRDA:428,13,0,0
BRDA:428,13,1,0
BRDA:432,14,0,0
BRDA:432,14,1,0
BRDA:458,15,0,0
BRDA:458,15,1,0
BRDA:462,16,0,0
BRDA:462,16,1,0
BRDA:463,17,0,0
BRDA:463,17,1,0
BRF:40
BRH:9
end_of_record
TN:
SF:src/services/premium/BadgeService.ts
FN:13,(anonymous_0)
FN:24,(anonymous_1)
FN:35,(anonymous_2)
FN:46,(anonymous_3)
FN:60,(anonymous_4)
FN:75,(anonymous_5)
FN:90,(anonymous_6)
FN:117,(anonymous_7)
FN:131,(anonymous_8)
FN:139,(anonymous_9)
FN:149,(anonymous_10)
FN:160,(anonymous_11)
FN:161,(anonymous_12)
FN:210,(anonymous_13)
FN:211,(anonymous_14)
FN:220,(anonymous_15)
FN:226,(anonymous_16)
FN:240,(anonymous_17)
FN:254,(anonymous_18)
FN:268,(anonymous_19)
FN:281,(anonymous_20)
FNF:21
FNH:0
FNDA:0,(anonymous_0)
FNDA:0,(anonymous_1)
FNDA:0,(anonymous_2)
FNDA:0,(anonymous_3)
FNDA:0,(anonymous_4)
FNDA:0,(anonymous_5)
FNDA:0,(anonymous_6)
FNDA:0,(anonymous_7)
FNDA:0,(anonymous_8)
FNDA:0,(anonymous_9)
FNDA:0,(anonymous_10)
FNDA:0,(anonymous_11)
FNDA:0,(anonymous_12)
FNDA:0,(anonymous_13)
FNDA:0,(anonymous_14)
FNDA:0,(anonymous_15)
FNDA:0,(anonymous_16)
FNDA:0,(anonymous_17)
FNDA:0,(anonymous_18)
FNDA:0,(anonymous_19)
FNDA:0,(anonymous_20)
DA:14,0
DA:15,0
DA:17,0
DA:19,0
DA:25,0
DA:26,0
DA:28,0
DA:30,0
DA:36,0
DA:37,0
DA:39,0
DA:41,0
DA:47,0
DA:48,0
DA:52,0
DA:54,0
DA:55,0
DA:61,0
DA:62,0
DA:67,0
DA:69,0
DA:70,0
DA:76,0
DA:77,0
DA:82,0
DA:84,0
DA:85,0
DA:96,0
DA:97,0
DA:107,0
DA:109,0
DA:112,0
DA:123,0
DA:124,0
DA:125,0
DA:127,0
DA:128,0
DA:131,0
DA:132,0
DA:134,0
DA:135,0
DA:139,0
DA:140,0
DA:144,0
DA:145,0
DA:149,0
DA:150,0
DA:154,0
DA:158,0
DA:160,0
DA:161,0
DA:163,0
DA:164,0
DA:167,0
DA:171,0
DA:174,0
DA:176,0
DA:190,0
DA:192,0
DA:211,0
DA:213,0
DA:221,0
DA:222,0
DA:227,0
DA:228,0
DA:232,0
DA:234,0
DA:235,0
DA:241,0
DA:242,0
DA:246,0
DA:248,0
DA:249,0
DA:255,0
DA:256,0
DA:260,0
DA:262,0
DA:263,0
DA:269,0
DA:270,0
DA:275,0
DA:276,0
DA:282,0
DA:283,0
DA:288,0
DA:290,0
DA:291,0
DA:296,9
LF:88
LH:1
BRDA:17,0,0,0
BRDA:17,0,1,0
BRDA:28,1,0,0
BRDA:28,1,1,0
BRDA:39,2,0,0
BRDA:39,2,1,0
BRDA:128,3,0,0
BRDA:128,3,1,0
BRDA:128,3,2,0
BRDA:128,3,3,0
BRDA:128,3,4,0
BRDA:128,3,5,0
BRDA:184,4,0,0
BRDA:184,4,1,0
BRDA:215,5,0,0
BRDA:215,5,1,0
BRF:16
BRH:0
end_of_record
TN:
SF:src/services/social/ChallengeService.ts
FN:13,(anonymous_0)
FN:28,(anonymous_1)
FN:33,(anonymous_2)
FN:52,(anonymous_3)
FN:66,(anonymous_4)
FN:78,(anonymous_5)
FN:91,(anonymous_6)
FN:103,(anonymous_7)
FN:115,(anonymous_8)
FN:127,(anonymous_9)
FN:139,(anonymous_10)
FN:155,(anonymous_11)
FN:167,(anonymous_12)
FN:179,(anonymous_13)
FN:191,(anonymous_14)
FN:202,(anonymous_15)
FN:213,(anonymous_16)
FN:230,(anonymous_17)
FN:240,(anonymous_18)
FN:251,(anonymous_19)
FN:263,(anonymous_20)
FNF:21
FNH:0
FNDA:0,(anonymous_0)
FNDA:0,(anonymous_1)
FNDA:0,(anonymous_2)
FNDA:0,(anonymous_3)
FNDA:0,(anonymous_4)
FNDA:0,(anonymous_5)
FNDA:0,(anonymous_6)
FNDA:0,(anonymous_7)
FNDA:0,(anonymous_8)
FNDA:0,(anonymous_9)
FNDA:0,(anonymous_10)
FNDA:0,(anonymous_11)
FNDA:0,(anonymous_12)
FNDA:0,(anonymous_13)
FNDA:0,(anonymous_14)
FNDA:0,(anonymous_15)
FNDA:0,(anonymous_16)
FNDA:0,(anonymous_17)
FNDA:0,(anonymous_18)
FNDA:0,(anonymous_19)
FNDA:0,(anonymous_20)
DA:14,0
DA:15,0
DA:20,0
DA:22,0
DA:23,0
DA:29,0
DA:34,0
DA:35,0
DA:37,0
DA:41,0
DA:42,0
DA:44,0
DA:45,0
DA:46,0
DA:47,0
DA:53,0
DA:54,0
DA:58,0
DA:60,0
DA:61,0
DA:67,0
DA:69,0
DA:70,0
DA:72,0
DA:73,0
DA:79,0
DA:81,0
DA:82,0
DA:83,0
DA:85,0
DA:86,0
DA:92,0
DA:93,0
DA:97,0
DA:98,0
DA:104,0
DA:105,0
DA:109,0
DA:110,0
DA:116,0
DA:118,0
DA:119,0
DA:121,0
DA:122,0
DA:128,0
DA:130,0
DA:131,0
DA:133,0
DA:134,0
DA:144,0
DA:146,0
DA:147,0
DA:149,0
DA:150,0
DA:156,0
DA:158,0
DA:159,0
DA:161,0
DA:162,0
DA:168,0
DA:170,0
DA:171,0
DA:173,0
DA:174,0
DA:180,0
DA:182,0
DA:183,0
DA:185,0
DA:186,0
DA:192,0
DA:194,0
DA:196,0
DA:197,0
DA:203,0
DA:205,0
DA:207,0
DA:208,0
DA:214,0
DA:217,0
DA:218,0
DA:222,0
DA:224,0
DA:225,0
DA:231,0
DA:232,0
DA:236,0
DA:237,0
DA:240,0
DA:241,0
DA:245,0
DA:246,0
DA:252,0
DA:254,0
DA:255,0
DA:257,0
DA:258,0
DA:264,0
DA:267,0
DA:268,0
DA:272,0
DA:274,0
DA:275,0
DA:280,0
LF:103
LH:0
BRDA:45,0,0,0
BRDA:45,0,1,0
BRDA:232,1,0,0
BRDA:232,1,1,0
BRDA:241,2,0,0
BRDA:241,2,1,0
BRDA:241,2,2,0
BRF:7
BRH:0
end_of_record
TN:
SF:src/services/social/SocialService.ts
FN:81,(anonymous_0)
FN:97,(anonymous_1)
FN:101,(anonymous_2)
FN:107,(anonymous_3)
FN:110,(anonymous_4)
FN:114,(anonymous_5)
FN:118,(anonymous_6)
FN:121,(anonymous_7)
FN:125,(anonymous_8)
FN:126,(anonymous_9)
FN:140,(anonymous_10)
FN:141,(anonymous_11)
FN:149,(anonymous_12)
FN:152,(anonymous_13)
FN:156,(anonymous_14)
FN:163,(anonymous_15)
FN:184,(anonymous_16)
FN:188,(anonymous_17)
FN:193,(anonymous_18)
FN:196,(anonymous_19)
FN:200,(anonymous_20)
FN:201,(anonymous_21)
FN:205,(anonymous_22)
FN:209,(anonymous_23)
FN:210,(anonymous_24)
FN:220,(anonymous_25)
FN:226,(anonymous_26)
FN:227,(anonymous_27)
FN:279,(anonymous_28)
FN:300,(anonymous_29)
FN:301,(anonymous_30)
FN:323,(anonymous_31)
FN:331,(anonymous_32)
FN:337,(anonymous_33)
FN:351,(anonymous_34)
FN:364,(anonymous_35)
FN:450,(anonymous_36)
FNF:37
FNH:0
FNDA:0,(anonymous_0)
FNDA:0,(anonymous_1)
FNDA:0,(anonymous_2)
FNDA:0,(anonymous_3)
FNDA:0,(anonymous_4)
FNDA:0,(anonymous_5)
FNDA:0,(anonymous_6)
FNDA:0,(anonymous_7)
FNDA:0,(anonymous_8)
FNDA:0,(anonymous_9)
FNDA:0,(anonymous_10)
FNDA:0,(anonymous_11)
FNDA:0,(anonymous_12)
FNDA:0,(anonymous_13)
FNDA:0,(anonymous_14)
FNDA:0,(anonymous_15)
FNDA:0,(anonymous_16)
FNDA:0,(anonymous_17)
FNDA:0,(anonymous_18)
FNDA:0,(anonymous_19)
FNDA:0,(anonymous_20)
FNDA:0,(anonymous_21)
FNDA:0,(anonymous_22)
FNDA:0,(anonymous_23)
FNDA:0,(anonymous_24)
FNDA:0,(anonymous_25)
FNDA:0,(anonymous_26)
FNDA:0,(anonymous_27)
FNDA:0,(anonymous_28)
FNDA:0,(anonymous_29)
FNDA:0,(anonymous_30)
FNDA:0,(anonymous_31)
FNDA:0,(anonymous_32)
FNDA:0,(anonymous_33)
FNDA:0,(anonymous_34)
FNDA:0,(anonymous_35)
FNDA:0,(anonymous_36)
DA:71,9
DA:72,9
DA:73,9
DA:74,9
DA:76,9
DA:77,9
DA:78,9
DA:79,9
DA:82,0
DA:84,0
DA:85,0
DA:86,0
DA:87,0
DA:88,0
DA:89,0
DA:91,0
DA:92,0
DA:98,0
DA:100,0
DA:101,0
DA:104,0
DA:108,0
DA:109,0
DA:110,0
DA:115,0
DA:116,0
DA:118,0
DA:119,0
DA:121,0
DA:126,0
DA:127,0
DA:128,0
DA:129,0
DA:132,0
DA:141,0
DA:142,0
DA:143,0
DA:144,0
DA:150,0
DA:151,0
DA:152,0
DA:159,0
DA:160,0
DA:164,0
DA:173,0
DA:176,0
DA:177,0
DA:180,0
DA:185,0
DA:187,0
DA:188,0
DA:189,0
DA:193,0
DA:197,0
DA:200,0
DA:201,0
DA:204,0
DA:205,0
DA:210,0
DA:211,0
DA:212,0
DA:213,0
DA:214,0
DA:216,0
DA:221,0
DA:222,0
DA:223,0
DA:225,0
DA:226,0
DA:227,0
DA:229,0
DA:231,0
DA:232,0
DA:243,0
DA:254,0
DA:266,0
DA:281,0
DA:283,0
DA:284,0
DA:286,0
DA:287,0
DA:289,0
DA:290,0
DA:293,0
DA:296,0
DA:301,0
DA:302,0
DA:305,0
DA:312,0
DA:313,0
DA:329,0
DA:331,0
DA:338,0
DA:339,0
DA:340,0
DA:341,0
DA:342,0
DA:343,0
DA:344,0
DA:347,0
DA:352,0
DA:353,0
DA:358,0
DA:360,0
DA:365,0
DA:366,0
DA:446,0
DA:451,0
DA:452,0
DA:498,0
DA:503,9
LF:111
LH:9
BRDA:82,0,0,0
BRDA:82,0,1,0
BRDA:100,1,0,0
BRDA:100,1,1,0
BRDA:100,2,0,0
BRDA:100,2,1,0
BRDA:107,3,0,0
BRDA:119,4,0,0
BRDA:119,4,1,0
BRDA:119,4,2,0
BRDA:127,5,0,0
BRDA:127,5,1,0
BRDA:142,6,0,0
BRDA:142,6,1,0
BRDA:142,7,0,0
BRDA:142,7,1,0
BRDA:149,8,0,0
BRDA:176,9,0,0
BRDA:176,9,1,0
BRDA:187,10,0,0
BRDA:187,10,1,0
BRDA:211,11,0,0
BRDA:211,11,1,0
BRDA:229,12,0,0
BRDA:229,12,1,0
BRDA:229,12,2,0
BRDA:229,12,3,0
BRDA:235,13,0,0
BRDA:235,13,1,0
BRDA:283,14,0,0
BRDA:283,14,1,0
BRDA:286,15,0,0
BRDA:286,15,1,0
BRDA:289,16,0,0
BRDA:289,16,1,0
BRDA:302,17,0,0
BRDA:302,17,1,0
BRDA:312,18,0,0
BRDA:312,18,1,0
BRDA:312,19,0,0
BRDA:312,19,1,0
BRDA:340,20,0,0
BRDA:340,20,1,0
BRDA:342,21,0,0
BRDA:342,21,1,0
BRDA:343,22,0,0
BRDA:343,22,1,0
BRDA:344,23,0,0
BRDA:344,23,1,0
BRDA:365,24,0,0
BRDA:365,24,1,0
BRDA:451,25,0,0
BRDA:451,25,1,0
BRF:53
BRH:0
end_of_record
TN:
SF:src/theme/ThemeContext.tsx
FN:25,(anonymous_0)
FN:31,(anonymous_1)
FN:32,(anonymous_2)
FN:40,(anonymous_3)
FN:45,(anonymous_4)
FN:48,(anonymous_5)
FN:50,(anonymous_6)
FN:56,(anonymous_7)
FN:70,(anonymous_8)
FN:77,(anonymous_9)
FN:92,(anonymous_10)
FN:93,(anonymous_11)
FNF:12
FNH:1
FNDA:0,(anonymous_0)
FNDA:0,(anonymous_1)
FNDA:0,(anonymous_2)
FNDA:0,(anonymous_3)
FNDA:0,(anonymous_4)
FNDA:0,(anonymous_5)
FNDA:0,(anonymous_6)
FNDA:0,(anonymous_7)
FNDA:0,(anonymous_8)
FNDA:323,(anonymous_9)
FNDA:0,(anonymous_10)
FNDA:0,(anonymous_11)
DA:21,2
DA:23,2
DA:25,2
DA:26,0
DA:27,0
DA:31,0
DA:32,0
DA:33,0
DA:34,0
DA:35,0
DA:36,0
DA:40,0
DA:41,0
DA:42,0
DA:45,0
DA:48,0
DA:49,0
DA:50,0
DA:53,0
DA:54,0
DA:56,0
DA:57,0
DA:58,0
DA:70,0
DA:74,0
DA:77,2
DA:78,323
DA:79,323
DA:81,323
DA:96,0
LF:30
LH:7
BRDA:28,0,0,0
BRDA:28,0,1,0
BRDA:35,1,0,0
BRDA:35,1,1,0
BRDA:35,2,0,0
BRDA:35,2,1,0
BRDA:35,2,2,0
BRDA:41,3,0,0
BRDA:41,3,1,0
BRDA:41,4,0,0
BRDA:41,4,1,0
BRDA:53,5,0,0
BRDA:53,5,1,0
BRDA:57,6,0,0
BRDA:57,6,1,0
BRDA:70,7,0,0
BRDA:70,7,1,0
BRDA:79,8,0,323
BRDA:79,8,1,0
BRF:19
BRH:1
end_of_record
TN:
SF:src/theme/tokens.ts
FN:184,(anonymous_0)
FN:195,(anonymous_1)
FNF:2
FNH:1
FNDA:323,(anonymous_0)
FNDA:0,(anonymous_1)
DA:45,2
DA:56,2
DA:85,2
DA:114,2
DA:122,2
DA:132,2
DA:144,2
DA:152,2
DA:184,323
DA:195,2
DA:196,0
DA:197,0
LF:12
LH:10
BRDA:195,0,0,0
BRF:1
BRH:0
end_of_record
TN:
SF:src/types/health.ts
FNF:0
FNH:0
LF:0
LH:0
BRF:0
BRH:0
end_of_record
TN:
SF:src/types/navigation.ts
FNF:0
FNH:0
LF:0
LH:0
BRF:0
BRH:0
end_of_record
TN:
SF:src/utils/formatting/time.ts
FN:6,(anonymous_0)
FN:17,(anonymous_1)
FN:36,(anonymous_2)
FN:37,(anonymous_3)
FN:41,(anonymous_4)
FN:49,(anonymous_5)
FNF:6
FNH:2
FNDA:0,(anonymous_0)
FNDA:0,(anonymous_1)
FNDA:134,(anonymous_2)
FNDA:268,(anonymous_3)
FNDA:0,(anonymous_4)
FNDA:0,(anonymous_5)
DA:6,13
DA:7,0
DA:8,0
DA:9,0
DA:11,0
DA:12,0
DA:14,0
DA:17,13
DA:18,0
DA:19,0
DA:21,0
DA:22,0
DA:24,0
DA:36,13
DA:37,268
DA:38,134
DA:41,13
DA:42,0
DA:49,13
DA:50,0
DA:51,0
DA:52,0
DA:54,0
DA:55,0
DA:56,0
DA:57,0
DA:59,0
LF:27
LH:7
BRDA:11,0,0,0
BRDA:11,0,1,0
BRDA:21,1,0,0
BRDA:21,1,1,0
BRDA:36,2,0,4
BRDA:54,3,0,0
BRDA:54,3,1,0
BRDA:55,4,0,0
BRDA:55,4,1,0
BRDA:56,5,0,0
BRDA:56,5,1,0
BRDA:57,6,0,0
BRDA:57,6,1,0
BRF:13
BRH:1
end_of_record
TN:
SF:src/utils/helpers/habits.ts
FN:14,(anonymous_0)
FN:53,(anonymous_1)
FN:62,(anonymous_2)
FN:70,(anonymous_3)
FN:75,(anonymous_4)
FN:85,(anonymous_5)
FN:116,(anonymous_6)
FN:119,(anonymous_7)
FN:123,(anonymous_8)
FNF:9
FNH:8
FNDA:0,(anonymous_0)
FNDA:22,(anonymous_1)
FNDA:25,(anonymous_2)
FNDA:77,(anonymous_3)
FNDA:11,(anonymous_4)
FNDA:11,(anonymous_5)
FNDA:22,(anonymous_6)
FNDA:9,(anonymous_7)
FNDA:32,(anonymous_8)
DA:14,10
DA:15,0
DA:17,0
DA:19,0
DA:21,0
DA:23,0
DA:25,0
DA:27,0
DA:29,0
DA:53,10
DA:54,22
DA:55,21
DA:56,21
DA:57,21
DA:62,10
DA:63,25
DA:64,25
DA:65,25
DA:70,10
DA:71,77
DA:75,10
DA:76,11
DA:85,10
DA:93,11
DA:95,11
DA:96,11
DA:97,11
DA:100,11
DA:101,11
DA:102,11
DA:103,25
DA:104,25
DA:105,25
DA:106,25
DA:107,25
DA:108,20
DA:114,11
DA:115,11
DA:116,22
DA:118,11
DA:119,9
DA:123,11
DA:124,32
DA:125,45
DA:126,23
DA:129,9
DA:132,11
DA:133,11
DA:134,11
DA:138,32
DA:140,11
DA:142,11
DA:143,11
DA:144,11
DA:145,11
DA:146,32
DA:147,32
DA:148,32
DA:151,11
DA:152,11
DA:153,26
DA:154,20
DA:155,6
DA:157,3
DA:159,3
DA:163,11
DA:164,11
DA:165,24
DA:168,11
LF:69
LH:61
BRDA:15,0,0,0
BRDA:15,0,1,0
BRDA:15,0,2,0
BRDA:15,0,3,0
BRDA:15,0,4,0
BRDA:15,0,5,0
BRDA:15,0,6,0
BRDA:54,1,0,1
BRDA:54,1,1,21
BRDA:55,2,0,10
BRDA:55,2,1,11
BRDA:56,3,0,0
BRDA:56,3,1,21
BRDA:56,4,0,21
BRDA:56,4,1,21
BRDA:64,5,0,0
BRDA:64,5,1,25
BRDA:76,6,0,10
BRDA:76,6,1,1
BRDA:96,7,0,11
BRDA:96,7,1,0
BRDA:96,8,0,11
BRDA:96,8,1,0
BRDA:103,9,0,0
BRDA:103,9,1,25
BRDA:107,10,0,20
BRDA:107,10,1,5
BRDA:107,11,0,25
BRDA:107,11,1,25
BRDA:107,11,2,15
BRDA:116,12,0,22
BRDA:116,12,1,20
BRDA:118,13,0,11
BRDA:118,13,1,0
BRDA:119,14,0,8
BRDA:119,14,1,1
BRDA:125,15,0,23
BRDA:125,15,1,22
BRDA:140,16,0,0
BRDA:140,16,1,11
BRDA:146,17,0,23
BRDA:146,17,1,9
BRDA:147,18,0,23
BRDA:147,18,1,9
BRDA:148,19,0,21
BRDA:148,19,1,11
BRDA:153,20,0,20
BRDA:153,20,1,6
BRDA:155,21,0,3
BRDA:155,21,1,3
BRDA:165,22,0,23
BRDA:165,22,1,1
BRF:52
BRH:38
end_of_record
